
"14ms": fuzzing: "GET / HTTP/1.1\r\nUser-Agent: Mozilla/5.0\r\nUser-Agent: Mozilla/5.0\r\nAccept: text/html\r\nConnection: close\r\n\r\n"
"14ms": fuzzing: "GET / HTTP/1.1\r\nAccept-Language: en-US\r\nAccept: text/html\r\nUser-Agent: Mozilla/5.0\r\nUser-Agent: Mozilla/5.0\r\n\r\n"
"14ms": fuzzing: "GET /about HTTP/1.1\r\nUser-Agent: Mozilla/5.0\r\nHost: localhost\r\nUser-Agent: Mozilla/5.0\r\nConnection: close\r\n\r\n"
"15ms": fuzzing: "GET /about HTTP/1.1\r\nAccept: text/html\r\nAccept-Language: en-US\r\n\r\n"
"15ms": fuzzing: "GET /about HTTP/1.1\r\nAccept-Language: en-US\r\nConnection: close\r\n\r\n"
"15ms": fuzzing: "GET / HTTP/1.1\r\nAccept-Language: en-US\r\n\r\n"
"15ms": fuzzing: "GET / HTTP/1.1\r\nUser-Agent: Mozilla/5.0\r\nHost: localhost\r\nAccept: text/html\r\n\r\n"
"16ms": fuzzing: "GET /about HTTP/1.1\r\nAccept: text/html\r\n\r\n"
"16ms": fuzzing: "GET / HTTP/1.1\r\nHost: localhost\r\nAccept-Language: en-US\r\nAccept: text/html\r\n\r\n"
"16ms": fuzzing: "GET /about HTTP/1.1\r\nAccept: text/html\r\nHost: localhost\r\nConnection: close\r\nAccept: text/html\r\n\r\n"
"16ms": fuzzing: "GET /about HTTP/1.1\r\nAccept-Language: en-US\r\n\r\n"
"16ms": fuzzing: "GET /about HTTP/1.1\r\n\r\n"
"17ms": fuzzing: "GET /about HTTP/1.1\r\nHost: localhost\r\nUser-Agent: Mozilla/5.0\r\nConnection: close\r\n\r\n"
"17ms": fuzzing: "GET /about HTTP/1.1\r\nAccept: text/html\r\nUser-Agent: Mozilla/5.0\r\nAccept: text/html\r\n\r\n"
"17ms": fuzzing: "GET /about HTTP/1.1\r\n\r\n"
"17ms": fuzzing: "GET / HTTP/1.1\r\nConnection: close\r\nHost: localhost\r\nUser-Agent: Mozilla/5.0\r\n\r\n"
"17ms": fuzzing: "GET /about HTTP/1.1\r\nUser-Agent: Mozilla/5.0\r\nUser-Agent: Mozilla/5.0\r\nConnection: close\r\n\r\n"
"18ms": fuzzing: "GET /about HTTP/1.1\r\nHost: localhost\r\nHost: localhost\r\n\r\n"
"18ms": fuzzing: "GET /about HTTP/1.1\r\nConnection: close\r\nUser-Agent: Mozilla/5.0\r\nUser-Agent: Mozilla/5.0\r\nAccept-Language: en-US\r\n\r\n"
"18ms": fuzzing: "GET /about HTTP/1.1\r\nUser-Agent: Mozilla/5.0\r\nHost: localhost\r\n\r\n"
"18ms": fuzzing: "GET /about HTTP/1.1\r\nHost: localhost\r\nHost: localhost\r\n\r\n"
"18ms": fuzzing: "GET /about HTTP/1.1\r\nAccept: text/html\r\n\r\n"
"19ms": fuzzing: "GET / HTTP/1.1\r\nConnection: close\r\nConnection: close\r\nConnection: close\r\nUser-Agent: Mozilla/5.0\r\n\r\n"
"19ms": fuzzing: "GET /about HTTP/1.1\r\nUser-Agent: Mozilla/5.0\r\nAccept-Language: en-US\r\nAccept: text/html\r\nHost: localhost\r\n\r\n"
"19ms": fuzzing: "GET / HTTP/1.1\r\nAccept: text/html\r\nUser-Agent: Mozilla/5.0\r\n\r\n"
"19ms": fuzzing: "GET / HTTP/1.1\r\nHost: localhost\r\nConnection: close\r\nConnection: close\r\n\r\n"
"19ms": fuzzing: "GET /about HTTP/1.1\r\nAccept-Language: en-US\r\n\r\n"
"20ms": fuzzing: "GET /about HTTP/1.1\r\nAccept: text/html\r\nUser-Agent: Mozilla/5.0\r\nAccept-Language: en-US\r\nHost: localhost\r\n\r\n"
"20ms": fuzzing: "GET /about HTTP/1.1\r\nUser-Agent: Mozilla/5.0\r\nConnection: close\r\nAccept: text/html\r\n\r\n"
"20ms": fuzzing: "GET / HTTP/1.1\r\n\r\n"
"20ms": fuzzing: "GET / HTTP/1.1\r\nUser-Agent: Mozilla/5.0\r\nHost: localhost\r\nConnection: close\r\nUser-Agent: Mozilla/5.0\r\n\r\n"
"21ms": fuzzing: "GET /about HTTP/1.1\r\n\r\n"
"21ms": fuzzing: "GET /about HTTP/1.1\r\nConnection: close\r\nConnection: close\r\n\r\n"
"21ms": fuzzing: "GET / HTTP/1.1\r\nUser-Agent: Mozilla/5.0\r\nUser-Agent: Mozilla/5.0\r\nUser-Agent: Mozilla/5.0\r\nConnection: close\r\n\r\n"
"21ms": fuzzing: "GET / HTTP/1.1\r\nUser-Agent: Mozilla/5.0\r\nAccept: text/html\r\n\r\n"
"21ms": fuzzing: "GET /about HTTP/1.1\r\nAccept: text/html\r\nUser-Agent: Mozilla/5.0\r\nAccept-Language: en-US\r\n\r\n"
"22ms": fuzzing: "GET / HTTP/1.1\r\nHost: localhost\r\nConnection: close\r\n\r\n"
"22ms": fuzzing: "GET / HTTP/1.1\r\nAccept-Language: en-US\r\nHost: localhost\r\nHost: localhost\r\n\r\n"
"22ms": fuzzing: "GET /about HTTP/1.1\r\nConnection: close\r\nAccept: text/html\r\n\r\n"
"22ms": fuzzing: "GET / HTTP/1.1\r\nHost: localhost\r\nHost: localhost\r\n\r\n"
"23ms": fuzzing: "GET / HTTP/1.1\r\nAccept: text/html\r\nConnection: close\r\nAccept-Language: en-US\r\n\r\n"
"23ms": fuzzing: "GET /about HTTP/1.1\r\nAccept: text/html\r\n\r\n"
"23ms": fuzzing: "GET / HTTP/1.1\r\n\r\n"
"24ms": fuzzing: "GET / HTTP/1.1\r\n\r\n"
"24ms": fuzzing: "GET / HTTP/1.1\r\n\r\n"
"24ms": fuzzing: "GET / HTTP/1.1\r\n\r\n"
"24ms": fuzzing: "GET /about HTTP/1.1\r\nAccept: text/html\r\nAccept-Language: en-US\r\n\r\n"
"24ms": fuzzing: "GET /about HTTP/1.1\r\nConnection: close\r\nHost: localhost\r\n\r\n"
"25ms": fuzzing: "GET /about HTTP/1.1\r\nHost: localhost\r\nAccept: text/html\r\nAccept-Language: en-US\r\n\r\n"
"25ms": fuzzing: "GET / HTTP/1.1\r\nAccept-Language: en-US\r\n\r\n"
"25ms": fuzzing: "GET /about HTTP/1.1\r\nAccept: text/html\r\nHost: localhost\r\n\r\n"
"25ms": fuzzing: "GET /about HTTP/1.1\r\nAccept: text/html\r\n\r\n"
"25ms": fuzzing: "GET /about HTTP/1.1\r\nAccept-Language: en-US\r\n\r\n"
"26ms": fuzzing: "GET / HTTP/1.1\r\nHost: localhost\r\nAccept: text/html\r\nConnection: close\r\n\r\n"
"26ms": fuzzing: "GET /about HTTP/1.1\r\nAccept: text/html\r\n\r\n"
"26ms": fuzzing: "GET / HTTP/1.1\r\nUser-Agent: Mozilla/5.0\r\n\r\n"
"26ms": fuzzing: "GET /about HTTP/1.1\r\nConnection: close\r\nAccept: text/html\r\nConnection: close\r\n\r\n"
"27ms": fuzzing: "GET / HTTP/1.1\r\n\r\n"
"27ms": fuzzing: "GET / HTTP/1.1\r\nUser-Agent: Mozilla/5.0\r\nAccept: text/html\r\n\r\n"
"27ms": fuzzing: "GET / HTTP/1.1\r\nAccept: text/html\r\nUser-Agent: Mozilla/5.0\r\n\r\n"
"27ms": fuzzing: "GET / HTTP/1.1\r\nUser-Agent: Mozilla/5.0\r\nUser-Agent: Mozilla/5.0\r\nHost: localhost\r\n\r\n"
"27ms": fuzzing: "GET / HTTP/1.1\r\n\r\n"
"28ms": fuzzing: "GET /about HTTP/1.1\r\nAccept: text/html\r\nUser-Agent: Mozilla/5.0\r\n\r\n"
"28ms": fuzzing: "GET / HTTP/1.1\r\nHost: localhost\r\nAccept-Language: en-US\r\nAccept-Language: en-US\r\nHost: localhost\r\n\r\n"
"28ms": fuzzing: "GET /about HTTP/1.1\r\nConnection: close\r\nUser-Agent: Mozilla/5.0\r\nUser-Agent: Mozilla/5.0\r\nHost: localhost\r\n\r\n"
"28ms": fuzzing: "GET /about HTTP/1.1\r\nAccept-Language: en-US\r\nAccept: text/html\r\n\r\n"
"29ms": fuzzing: "GET / HTTP/1.1\r\nHost: localhost\r\n\r\n"
"29ms": fuzzing: "GET /about HTTP/1.1\r\nHost: localhost\r\nUser-Agent: Mozilla/5.0\r\nConnection: close\r\n\r\n"
"29ms": fuzzing: "GET / HTTP/1.1\r\nHost: localhost\r\nAccept: text/html\r\nAccept: text/html\r\nHost: localhost\r\n\r\n"
"29ms": fuzzing: "GET / HTTP/1.1\r\n\r\n"
"29ms": fuzzing: "GET /about HTTP/1.1\r\nAccept-Language: en-US\r\nUser-Agent: Mozilla/5.0\r\n\r\n"
"30ms": fuzzing: "GET /about HTTP/1.1\r\n\r\n"
"30ms": fuzzing: "GET /about HTTP/1.1\r\n\r\n"
"30ms": fuzzing: "GET /about HTTP/1.1\r\nAccept-Language: en-US\r\nAccept: text/html\r\nHost: localhost\r\nAccept-Language: en-US\r\n\r\n"
"30ms": fuzzing: "GET /about HTTP/1.1\r\nConnection: close\r\n\r\n"
"31ms": fuzzing: "GET / HTTP/1.1\r\nUser-Agent: Mozilla/5.0\r\nAccept-Language: en-US\r\nAccept-Language: en-US\r\nAccept: text/html\r\n\r\n"
"31ms": fuzzing: "GET /about HTTP/1.1\r\nConnection: close\r\nHost: localhost\r\n\r\n"
"31ms": fuzzing: "GET / HTTP/1.1\r\nHost: localhost\r\nAccept-Language: en-US\r\n\r\n"
"31ms": fuzzing: "GET /about HTTP/1.1\r\nHost: localhost\r\nAccept: text/html\r\n\r\n"
"31ms": fuzzing: "GET / HTTP/1.1\r\nConnection: close\r\nAccept: text/html\r\nAccept-Language: en-US\r\n\r\n"
"32ms": fuzzing: "GET /about HTTP/1.1\r\nUser-Agent: Mozilla/5.0\r\nHost: localhost\r\nConnection: close\r\n\r\n"
"32ms": fuzzing: "GET /about HTTP/1.1\r\nAccept-Language: en-US\r\n\r\n"
"32ms": fuzzing: "GET / HTTP/1.1\r\nAccept-Language: en-US\r\n\r\n"
"32ms": fuzzing: "GET / HTTP/1.1\r\n\r\n"
"32ms": fuzzing: "GET /about HTTP/1.1\r\nAccept: text/html\r\nAccept: text/html\r\nUser-Agent: Mozilla/5.0\r\n\r\n"
"33ms": fuzzing: "GET /about HTTP/1.1\r\nAccept-Language: en-US\r\n\r\n"
"33ms": fuzzing: "GET / HTTP/1.1\r\nAccept-Language: en-US\r\n\r\n"
"33ms": fuzzing: "GET / HTTP/1.1\r\nConnection: close\r\n\r\n"
"33ms": fuzzing: "GET / HTTP/1.1\r\nAccept-Language: en-US\r\n\r\n"
"33ms": fuzzing: "GET / HTTP/1.1\r\n\r\n"
"34ms": fuzzing: "GET / HTTP/1.1\r\nConnection: close\r\nAccept: text/html\r\nAccept-Language: en-US\r\nHost: localhost\r\n\r\n"
"34ms": fuzzing: "GET / HTTP/1.1\r\nAccept: text/html\r\nHost: localhost\r\n\r\n"
"34ms": fuzzing: "GET / HTTP/1.1\r\nConnection: close\r\nUser-Agent: Mozilla/5.0\r\n\r\n"
"34ms": fuzzing: "GET /about HTTP/1.1\r\nConnection: close\r\n\r\n"
"34ms": fuzzing: "GET / HTTP/1.1\r\nHost: localhost\r\nHost: localhost\r\n\r\n"
"35ms": fuzzing: "GET / HTTP/1.1\r\nConnection: close\r\n\r\n"
"35ms": fuzzing: "GET /about HTTP/1.1\r\nConnection: close\r\nAccept-Language: en-US\r\n\r\n"
"35ms": fuzzing: "GET / HTTP/1.1\r\nAccept: text/html\r\nAccept-Language: en-US\r\nHost: localhost\r\nAccept-Language: en-US\r\n\r\n"
"35ms": fuzzing: "GET /about HTTP/1.1\r\nAccept: text/html\r\n\r\n"
"36ms": fuzzing: "GET / HTTP/1.1\r\nHost: localhost\r\nAccept-Language: en-US\r\nUser-Agent: Mozilla/5.0\r\n\r\n"
"36ms": fuzzing: "GET / HTTP/1.1\r\nAccept-Language: en-US\r\nConnection: close\r\n\r\n"
"36ms": fuzzing: "GET / HTTP/1.1\r\nConnection: close\r\nAccept-Language: en-US\r\n\r\n"
"36ms": fuzzing: "GET /about HTTP/1.1\r\nHost: localhost\r\nUser-Agent: Mozilla/5.0\r\nConnection: close\r\n\r\n"
"36ms": fuzzing: "GET /about HTTP/1.1\r\nAccept-Language: en-US\r\nAccept-Language: en-US\r\n\r\n"
"37ms": fuzzing: "GET /about HTTP/1.1\r\nAccept-Language: en-US\r\nAccept: text/html\r\nConnection: close\r\n\r\n"
"37ms": fuzzing: "GET /about HTTP/1.1\r\nHost: localhost\r\n\r\n"
"37ms": fuzzing: "GET /about HTTP/1.1\r\nConnection: close\r\nHost: localhost\r\nHost: localhost\r\n\r\n"
"37ms": fuzzing: "GET / HTTP/1.1\r\nHost: localhost\r\nUser-Agent: Mozilla/5.0\r\nHost: localhost\r\n\r\n"
"37ms": fuzzing: "GET /about HTTP/1.1\r\nConnection: close\r\n\r\n"
"38ms": fuzzing: "GET /about HTTP/1.1\r\nUser-Agent: Mozilla/5.0\r\nConnection: close\r\nHost: localhost\r\n\r\n"
"38ms": fuzzing: "GET /about HTTP/1.1\r\nConnection: close\r\nAccept-Language: en-US\r\n\r\n"
"38ms": fuzzing: "GET / HTTP/1.1\r\nAccept: text/html\r\nHost: localhost\r\nAccept-Language: en-US\r\n\r\n"
"38ms": fuzzing: "GET / HTTP/1.1\r\nHost: localhost\r\nAccept-Language: en-US\r\n\r\n"
"38ms": fuzzing: "GET / HTTP/1.1\r\n\r\n"
"39ms": fuzzing: "GET / HTTP/1.1\r\nUser-Agent: Mozilla/5.0\r\n\r\n"
"39ms": fuzzing: "GET /about HTTP/1.1\r\nConnection: close\r\nHost: localhost\r\nAccept: text/html\r\nConnection: close\r\n\r\n"
"39ms": fuzzing: "GET /about HTTP/1.1\r\nUser-Agent: Mozilla/5.0\r\n\r\n"
"39ms": fuzzing: "GET /about HTTP/1.1\r\n\r\n"
"39ms": fuzzing: "GET / HTTP/1.1\r\nConnection: close\r\nConnection: close\r\nAccept: text/html\r\nAccept: text/html\r\n\r\n"
"40ms": fuzzing: "GET /about HTTP/1.1\r\nConnection: close\r\n\r\n"
"40ms": fuzzing: "GET / HTTP/1.1\r\n\r\n"
"40ms": fuzzing: "GET / HTTP/1.1\r\nHost: localhost\r\nAccept-Language: en-US\r\nConnection: close\r\n\r\n"
"40ms": fuzzing: "GET /about HTTP/1.1\r\n\r\n"
"40ms": fuzzing: "GET / HTTP/1.1\r\nConnection: close\r\nHost: localhost\r\nHost: localhost\r\nConnection: close\r\n\r\n"
"40ms": fuzzing: "GET /about HTTP/1.1\r\nAccept-Language: en-US\r\nConnection: close\r\n\r\n"
"41ms": fuzzing: "GET /about HTTP/1.1\r\nUser-Agent: Mozilla/5.0\r\nConnection: close\r\n\r\n"
"41ms": fuzzing: "GET / HTTP/1.1\r\nUser-Agent: Mozilla/5.0\r\n\r\n"
"41ms": fuzzing: "GET / HTTP/1.1\r\nAccept: text/html\r\nHost: localhost\r\nHost: localhost\r\n\r\n"
"41ms": fuzzing: "GET /about HTTP/1.1\r\nConnection: close\r\n\r\n"
"41ms": fuzzing: "GET /about HTTP/1.1\r\nConnection: close\r\n\r\n"
"42ms": fuzzing: "GET /about HTTP/1.1\r\nAccept: text/html\r\nAccept-Language: en-US\r\nAccept: text/html\r\nAccept: text/html\r\n\r\n"
"42ms": fuzzing: "GET / HTTP/1.1\r\nHost: localhost\r\nUser-Agent: Mozilla/5.0\r\nConnection: close\r\nUser-Agent: Mozilla/5.0\r\n\r\n"
"42ms": fuzzing: "GET /about HTTP/1.1\r\nAccept: text/html\r\nUser-Agent: Mozilla/5.0\r\nHost: localhost\r\n\r\n"
"42ms": fuzzing: "GET / HTTP/1.1\r\nHost: localhost\r\n\r\n"
"42ms": fuzzing: "GET / HTTP/1.1\r\nUser-Agent: Mozilla/5.0\r\nAccept: text/html\r\n\r\n"
"42ms": fuzzing: "GET / HTTP/1.1\r\nAccept: text/html\r\n\r\n"
"43ms": fuzzing: "GET / HTTP/1.1\r\nAccept: text/html\r\nAccept: text/html\r\nHost: localhost\r\nAccept-Language: en-US\r\n\r\n"
"43ms": fuzzing: "GET /about HTTP/1.1\r\nHost: localhost\r\nConnection: close\r\nUser-Agent: Mozilla/5.0\r\n\r\n"
"43ms": fuzzing: "GET / HTTP/1.1\r\nAccept: text/html\r\n\r\n"
"43ms": fuzzing: "GET / HTTP/1.1\r\nHost: localhost\r\nUser-Agent: Mozilla/5.0\r\nUser-Agent: Mozilla/5.0\r\n\r\n"
"43ms": fuzzing: "GET / HTTP/1.1\r\nAccept-Language: en-US\r\nConnection: close\r\nHost: localhost\r\nConnection: close\r\n\r\n"
"44ms": fuzzing: "GET /about HTTP/1.1\r\nAccept: text/html\r\nAccept: text/html\r\n\r\n"
"44ms": fuzzing: "GET / HTTP/1.1\r\nAccept-Language: en-US\r\nUser-Agent: Mozilla/5.0\r\nConnection: close\r\nUser-Agent: Mozilla/5.0\r\n\r\n"
"44ms": fuzzing: "GET /about HTTP/1.1\r\nAccept-Language: en-US\r\nAccept: text/html\r\nUser-Agent: Mozilla/5.0\r\nUser-Agent: Mozilla/5.0\r\n\r\n"
"44ms": fuzzing: "GET /about HTTP/1.1\r\nAccept: text/html\r\n\r\n"
"44ms": fuzzing: "GET / HTTP/1.1\r\n\r\n"
"44ms": fuzzing: "GET /about HTTP/1.1\r\nUser-Agent: Mozilla/5.0\r\n\r\n"
"45ms": fuzzing: "GET /about HTTP/1.1\r\nAccept-Language: en-US\r\nAccept: text/html\r\nHost: localhost\r\nAccept-Language: en-US\r\n\r\n"
"45ms": fuzzing: "GET /about HTTP/1.1\r\nUser-Agent: Mozilla/5.0\r\nAccept-Language: en-US\r\n\r\n"
"45ms": fuzzing: "GET / HTTP/1.1\r\nHost: localhost\r\nAccept: text/html\r\n\r\n"
"45ms": fuzzing: "GET /about HTTP/1.1\r\nConnection: close\r\nAccept: text/html\r\nUser-Agent: Mozilla/5.0\r\n\r\n"
"45ms": fuzzing: "GET / HTTP/1.1\r\n\r\n"
"45ms": fuzzing: "GET / HTTP/1.1\r\nAccept-Language: en-US\r\nHost: localhost\r\nAccept: text/html\r\nAccept-Language: en-US\r\n\r\n"
"46ms": fuzzing: "GET / HTTP/1.1\r\nAccept-Language: en-US\r\nAccept: text/html\r\nAccept: text/html\r\n\r\n"
"46ms": fuzzing: "GET /about HTTP/1.1\r\nHost: localhost\r\nAccept: text/html\r\nConnection: close\r\nAccept: text/html\r\n\r\n"
"46ms": fuzzing: "GET / HTTP/1.1\r\nConnection: close\r\n\r\n"
"46ms": fuzzing: "GET / HTTP/1.1\r\nConnection: close\r\nHost: localhost\r\nConnection: close\r\nAccept-Language: en-US\r\n\r\n"
"46ms": fuzzing: "GET /about HTTP/1.1\r\nConnection: close\r\nHost: localhost\r\n\r\n"
"47ms": fuzzing: "GET / HTTP/1.1\r\nAccept: text/html\r\n\r\n"
"47ms": fuzzing: "GET /about HTTP/1.1\r\n\r\n"
"47ms": fuzzing: "GET / HTTP/1.1\r\nUser-Agent: Mozilla/5.0\r\n\r\n"
"47ms": fuzzing: "GET / HTTP/1.1\r\nConnection: close\r\nAccept-Language: en-US\r\n\r\n"
"47ms": fuzzing: "GET /about HTTP/1.1\r\nAccept: text/html\r\nUser-Agent: Mozilla/5.0\r\nAccept-Language: en-US\r\n\r\n"
"47ms": fuzzing: "GET /about HTTP/1.1\r\nHost: localhost\r\n\r\n"
"48ms": fuzzing: "GET /about HTTP/1.1\r\nAccept-Language: en-US\r\nAccept-Language: en-US\r\n\r\n"
"48ms": fuzzing: "GET /about HTTP/1.1\r\n\r\n"
"48ms": fuzzing: "GET / HTTP/1.1\r\nHost: localhost\r\nUser-Agent: Mozilla/5.0\r\nConnection: close\r\nAccept-Language: en-US\r\n\r\n"
"48ms": fuzzing: "GET / HTTP/1.1\r\n\r\n"
"48ms": fuzzing: "GET / HTTP/1.1\r\n\r\n"
"48ms": fuzzing: "GET /about HTTP/1.1\r\nUser-Agent: Mozilla/5.0\r\nConnection: close\r\nUser-Agent: Mozilla/5.0\r\nUser-Agent: Mozilla/5.0\r\n\r\n"
"49ms": fuzzing: "GET /about HTTP/1.1\r\nUser-Agent: Mozilla/5.0\r\n\r\n"
"49ms": fuzzing: "GET /about HTTP/1.1\r\nAccept: text/html\r\nHost: localhost\r\n\r\n"
"49ms": fuzzing: "GET /about HTTP/1.1\r\nConnection: close\r\nAccept: text/html\r\nConnection: close\r\n\r\n"
"49ms": fuzzing: "GET /about HTTP/1.1\r\nHost: localhost\r\nConnection: close\r\n\r\n"
"49ms": fuzzing: "GET /about HTTP/1.1\r\n\r\n"
"49ms": fuzzing: "GET / HTTP/1.1\r\nHost: localhost\r\nAccept: text/html\r\n\r\n"
"50ms": fuzzing: "GET / HTTP/1.1\r\nAccept-Language: en-US\r\n\r\n"
"50ms": fuzzing: "GET /about HTTP/1.1\r\n\r\n"
"50ms": fuzzing: "GET /about HTTP/1.1\r\nAccept: text/html\r\n\r\n"
"50ms": fuzzing: "GET / HTTP/1.1\r\nAccept-Language: en-US\r\nConnection: close\r\nConnection: close\r\nUser-Agent: Mozilla/5.0\r\n\r\n"
"50ms": fuzzing: "GET / HTTP/1.1\r\nConnection: close\r\nAccept: text/html\r\nAccept-Language: en-US\r\n\r\n"
"50ms": fuzzing: "GET /about HTTP/1.1\r\nAccept: text/html\r\nHost: localhost\r\nAccept-Language: en-US\r\n\r\n"
"51ms": fuzzing: "GET /about HTTP/1.1\r\nHost: localhost\r\nAccept-Language: en-US\r\n\r\n"
"51ms": fuzzing: "GET /about HTTP/1.1\r\nHost: localhost\r\nHost: localhost\r\nAccept-Language: en-US\r\n\r\n"
"51ms": fuzzing: "GET /about HTTP/1.1\r\nAccept-Language: en-US\r\nConnection: close\r\n\r\n"
"51ms": fuzzing: "GET /about HTTP/1.1\r\nUser-Agent: Mozilla/5.0\r\nUser-Agent: Mozilla/5.0\r\nAccept-Language: en-US\r\n\r\n"
"51ms": fuzzing: "GET /about HTTP/1.1\r\n\r\n"
"51ms": fuzzing: "GET / HTTP/1.1\r\nAccept: text/html\r\nUser-Agent: Mozilla/5.0\r\nAccept: text/html\r\n\r\n"
"52ms": fuzzing: "GET /about HTTP/1.1\r\nAccept: text/html\r\n\r\n"
"52ms": fuzzing: "GET / HTTP/1.1\r\nConnection: close\r\nHost: localhost\r\n\r\n"
"52ms": fuzzing: "GET / HTTP/1.1\r\nConnection: close\r\nHost: localhost\r\n\r\n"
"52ms": fuzzing: "GET /about HTTP/1.1\r\nUser-Agent: Mozilla/5.0\r\nUser-Agent: Mozilla/5.0\r\nAccept: text/html\r\nHost: localhost\r\n\r\n"
"52ms": fuzzing: "GET /about HTTP/1.1\r\nAccept: text/html\r\nAccept: text/html\r\nHost: localhost\r\n\r\n"
"52ms": fuzzing: "GET / HTTP/1.1\r\nHost: localhost\r\nHost: localhost\r\n\r\n"
"53ms": fuzzing: "GET /about HTTP/1.1\r\nAccept-Language: en-US\r\nHost: localhost\r\nAccept: text/html\r\n\r\n"
"53ms": fuzzing: "GET / HTTP/1.1\r\nConnection: close\r\nAccept-Language: en-US\r\nConnection: close\r\n\r\n"
"53ms": fuzzing: "GET / HTTP/1.1\r\nAccept: text/html\r\nAccept: text/html\r\nHost: localhost\r\n\r\n"
"53ms": fuzzing: "GET /about HTTP/1.1\r\nUser-Agent: Mozilla/5.0\r\nUser-Agent: Mozilla/5.0\r\nAccept: text/html\r\nAccept-Language: en-US\r\n\r\n"
"53ms": fuzzing: "GET /about HTTP/1.1\r\nAccept-Language: en-US\r\nHost: localhost\r\n\r\n"
"53ms": fuzzing: "GET / HTTP/1.1\r\nAccept: text/html\r\nAccept-Language: en-US\r\nAccept: text/html\r\n\r\n"
"54ms": fuzzing: "GET /about HTTP/1.1\r\nAccept-Language: en-US\r\nAccept-Language: en-US\r\nConnection: close\r\n\r\n"
"54ms": fuzzing: "GET /about HTTP/1.1\r\nHost: localhost\r\nAccept: text/html\r\nAccept: text/html\r\nAccept: text/html\r\n\r\n"
"54ms": fuzzing: "GET / HTTP/1.1\r\nAccept: text/html\r\n\r\n"
"54ms": fuzzing: "GET /about HTTP/1.1\r\nHost: localhost\r\nHost: localhost\r\nUser-Agent: Mozilla/5.0\r\n\r\n"
"54ms": fuzzing: "GET /about HTTP/1.1\r\nAccept: text/html\r\nAccept: text/html\r\n\r\n"
"54ms": fuzzing: "GET / HTTP/1.1\r\n\r\n"
"55ms": fuzzing: "GET / HTTP/1.1\r\nConnection: close\r\nHost: localhost\r\nUser-Agent: Mozilla/5.0\r\n\r\n"
"55ms": fuzzing: "GET / HTTP/1.1\r\nAccept: text/html\r\nConnection: close\r\n\r\n"
"55ms": fuzzing: "GET / HTTP/1.1\r\nAccept-Language: en-US\r\n\r\n"
"55ms": fuzzing: "GET /about HTTP/1.1\r\nAccept-Language: en-US\r\n\r\n"
"55ms": fuzzing: "GET / HTTP/1.1\r\n\r\n"
"55ms": fuzzing: "GET /about HTTP/1.1\r\nUser-Agent: Mozilla/5.0\r\nConnection: close\r\n\r\n"
"56ms": fuzzing: "GET / HTTP/1.1\r\n\r\n"
"56ms": fuzzing: "GET /about HTTP/1.1\r\nAccept: text/html\r\nHost: localhost\r\n\r\n"
"56ms": fuzzing: "GET /about HTTP/1.1\r\nHost: localhost\r\nAccept: text/html\r\nConnection: close\r\n\r\n"
"56ms": fuzzing: "GET /about HTTP/1.1\r\nAccept-Language: en-US\r\nAccept: text/html\r\nHost: localhost\r\nConnection: close\r\n\r\n"
"56ms": fuzzing: "GET / HTTP/1.1\r\nAccept-Language: en-US\r\nAccept-Language: en-US\r\nAccept: text/html\r\nConnection: close\r\n\r\n"
"56ms": fuzzing: "GET /about HTTP/1.1\r\nHost: localhost\r\n\r\n"
"56ms": fuzzing: "GET /about HTTP/1.1\r\n\r\n"
"57ms": fuzzing: "GET / HTTP/1.1\r\n\r\n"
"57ms": fuzzing: "GET / HTTP/1.1\r\nAccept-Language: en-US\r\nAccept-Language: en-US\r\nAccept: text/html\r\nAccept-Language: en-US\r\n\r\n"
"57ms": fuzzing: "GET /about HTTP/1.1\r\nUser-Agent: Mozilla/5.0\r\nAccept-Language: en-US\r\n\r\n"
"57ms": fuzzing: "GET /about HTTP/1.1\r\nConnection: close\r\nAccept-Language: en-US\r\nAccept-Language: en-US\r\n\r\n"
"57ms": fuzzing: "GET /about HTTP/1.1\r\n\r\n"
"57ms": fuzzing: "GET /about HTTP/1.1\r\nUser-Agent: Mozilla/5.0\r\nConnection: close\r\nAccept-Language: en-US\r\nHost: localhost\r\n\r\n"
"58ms": fuzzing: "GET /about HTTP/1.1\r\n\r\n"
"58ms": fuzzing: "GET / HTTP/1.1\r\n\r\n"
"58ms": fuzzing: "GET /about HTTP/1.1\r\nUser-Agent: Mozilla/5.0\r\nUser-Agent: Mozilla/5.0\r\n\r\n"
"58ms": fuzzing: "GET / HTTP/1.1\r\nUser-Agent: Mozilla/5.0\r\nAccept: text/html\r\nHost: localhost\r\nConnection: close\r\n\r\n"
"58ms": fuzzing: "GET /about HTTP/1.1\r\n\r\n"
"58ms": fuzzing: "GET / HTTP/1.1\r\nUser-Agent: Mozilla/5.0\r\nAccept-Language: en-US\r\n\r\n"
"58ms": fuzzing: "GET / HTTP/1.1\r\n\r\n"
"59ms": fuzzing: "GET /about HTTP/1.1\r\nAccept: text/html\r\nAccept-Language: en-US\r\n\r\n"
"59ms": fuzzing: "GET / HTTP/1.1\r\nAccept: text/html\r\nHost: localhost\r\nHost: localhost\r\n\r\n"
"59ms": fuzzing: "GET / HTTP/1.1\r\nUser-Agent: Mozilla/5.0\r\nConnection: close\r\nHost: localhost\r\nHost: localhost\r\n\r\n"
"59ms": fuzzing: "GET / HTTP/1.1\r\nHost: localhost\r\nConnection: close\r\nAccept-Language: en-US\r\n\r\n"
"59ms": fuzzing: "GET / HTTP/1.1\r\n\r\n"
"59ms": fuzzing: "GET /about HTTP/1.1\r\nHost: localhost\r\n\r\n"
"60ms": fuzzing: "GET / HTTP/1.1\r\nUser-Agent: Mozilla/5.0\r\nConnection: close\r\nAccept-Language: en-US\r\nUser-Agent: Mozilla/5.0\r\n\r\n"
"60ms": fuzzing: "GET /about HTTP/1.1\r\nUser-Agent: Mozilla/5.0\r\nAccept: text/html\r\nConnection: close\r\nAccept-Language: en-US\r\n\r\n"
"60ms": fuzzing: "GET /about HTTP/1.1\r\nAccept-Language: en-US\r\nUser-Agent: Mozilla/5.0\r\nAccept: text/html\r\nUser-Agent: Mozilla/5.0\r\n\r\n"
"60ms": fuzzing: "GET / HTTP/1.1\r\nHost: localhost\r\n\r\n"
"60ms": fuzzing: "GET /about HTTP/1.1\r\nConnection: close\r\nUser-Agent: Mozilla/5.0\r\nAccept-Language: en-US\r\nHost: localhost\r\n\r\n"
"60ms": fuzzing: "GET /about HTTP/1.1\r\n\r\n"
"61ms": fuzzing: "GET /about HTTP/1.1\r\nAccept-Language: en-US\r\nUser-Agent: Mozilla/5.0\r\nAccept: text/html\r\nAccept: text/html\r\n\r\n"
"61ms": fuzzing: "GET /about HTTP/1.1\r\n\r\n"
"61ms": fuzzing: "GET / HTTP/1.1\r\n\r\n"
"61ms": fuzzing: "GET /about HTTP/1.1\r\nConnection: close\r\nAccept: text/html\r\nAccept-Language: en-US\r\n\r\n"
"61ms": fuzzing: "GET /about HTTP/1.1\r\nUser-Agent: Mozilla/5.0\r\nAccept: text/html\r\nHost: localhost\r\nAccept-Language: en-US\r\n\r\n"
"61ms": fuzzing: "GET /about HTTP/1.1\r\nConnection: close\r\n\r\n"
"62ms": fuzzing: "GET /about HTTP/1.1\r\nConnection: close\r\nConnection: close\r\n\r\n"
"62ms": fuzzing: "GET / HTTP/1.1\r\nAccept-Language: en-US\r\n\r\n"
"62ms": fuzzing: "GET / HTTP/1.1\r\n\r\n"
"62ms": fuzzing: "GET / HTTP/1.1\r\n\r\n"
"62ms": fuzzing: "GET / HTTP/1.1\r\nAccept-Language: en-US\r\nAccept-Language: en-US\r\nHost: localhost\r\nUser-Agent: Mozilla/5.0\r\n\r\n"
"62ms": fuzzing: "GET / HTTP/1.1\r\nAccept-Language: en-US\r\nHost: localhost\r\n\r\n"
"62ms": fuzzing: "GET / HTTP/1.1\r\n\r\n"
"63ms": fuzzing: "GET /about HTTP/1.1\r\nAccept-Language: en-US\r\nAccept-Language: en-US\r\nAccept-Language: en-US\r\n\r\n"
"63ms": fuzzing: "GET /about HTTP/1.1\r\nUser-Agent: Mozilla/5.0\r\nHost: localhost\r\nHost: localhost\r\n\r\n"
"63ms": fuzzing: "GET /about HTTP/1.1\r\nUser-Agent: Mozilla/5.0\r\nUser-Agent: Mozilla/5.0\r\nHost: localhost\r\nAccept: text/html\r\n\r\n"
"63ms": fuzzing: "GET /about HTTP/1.1\r\nConnection: close\r\nHost: localhost\r\nUser-Agent: Mozilla/5.0\r\nAccept: text/html\r\n\r\n"
"63ms": fuzzing: "GET / HTTP/1.1\r\nAccept-Language: en-US\r\nUser-Agent: Mozilla/5.0\r\nHost: localhost\r\nAccept: text/html\r\n\r\n"
"63ms": fuzzing: "GET / HTTP/1.1\r\nUser-Agent: Mozilla/5.0\r\n\r\n"
"64ms": fuzzing: "GET / HTTP/1.1\r\nAccept: text/html\r\n\r\n"
"64ms": fuzzing: "GET /about HTTP/1.1\r\nAccept: text/html\r\nAccept-Language: en-US\r\n\r\n"
"64ms": fuzzing: "GET /about HTTP/1.1\r\n\r\n"
"64ms": fuzzing: "GET /about HTTP/1.1\r\nConnection: close\r\nHost: localhost\r\nAccept: text/html\r\nAccept-Language: en-US\r\n\r\n"
"64ms": fuzzing: "GET / HTTP/1.1\r\nAccept: text/html\r\nAccept-Language: en-US\r\nUser-Agent: Mozilla/5.0\r\nAccept: text/html\r\n\r\n"
"64ms": fuzzing: "GET /about HTTP/1.1\r\nUser-Agent: Mozilla/5.0\r\nUser-Agent: Mozilla/5.0\r\nAccept: text/html\r\n\r\n"
"64ms": fuzzing: "GET / HTTP/1.1\r\nConnection: close\r\n\r\n"
"65ms": fuzzing: "GET / HTTP/1.1\r\nAccept: text/html\r\nAccept: text/html\r\n\r\n"
"65ms": fuzzing: "GET / HTTP/1.1\r\nUser-Agent: Mozilla/5.0\r\nHost: localhost\r\n\r\n"
"65ms": fuzzing: "GET /about HTTP/1.1\r\nConnection: close\r\n\r\n"
"65ms": fuzzing: "GET / HTTP/1.1\r\nConnection: close\r\nHost: localhost\r\n\r\n"
"65ms": fuzzing: "GET / HTTP/1.1\r\nConnection: close\r\nUser-Agent: Mozilla/5.0\r\nAccept: text/html\r\nAccept: text/html\r\n\r\n"
"65ms": fuzzing: "GET /about HTTP/1.1\r\nHost: localhost\r\n\r\n"
"66ms": fuzzing: "GET / HTTP/1.1\r\nAccept-Language: en-US\r\nAccept: text/html\r\nAccept: text/html\r\nUser-Agent: Mozilla/5.0\r\n\r\n"
"66ms": fuzzing: "GET /about HTTP/1.1\r\n\r\n"
"66ms": fuzzing: "GET / HTTP/1.1\r\nConnection: close\r\nHost: localhost\r\nUser-Agent: Mozilla/5.0\r\nAccept-Language: en-US\r\n\r\n"
"66ms": fuzzing: "GET /about HTTP/1.1\r\n\r\n"
"66ms": fuzzing: "GET /about HTTP/1.1\r\nUser-Agent: Mozilla/5.0\r\n\r\n"
"66ms": fuzzing: "GET / HTTP/1.1\r\nAccept-Language: en-US\r\nAccept: text/html\r\nAccept: text/html\r\nHost: localhost\r\n\r\n"
"66ms": fuzzing: "GET / HTTP/1.1\r\nAccept: text/html\r\nConnection: close\r\nUser-Agent: Mozilla/5.0\r\nConnection: close\r\n\r\n"
"67ms": fuzzing: "GET / HTTP/1.1\r\n\r\n"
"67ms": fuzzing: "GET / HTTP/1.1\r\nHost: localhost\r\nHost: localhost\r\nConnection: close\r\nUser-Agent: Mozilla/5.0\r\n\r\n"
"67ms": fuzzing: "GET /about HTTP/1.1\r\nAccept: text/html\r\nUser-Agent: Mozilla/5.0\r\n\r\n"
"67ms": fuzzing: "GET /about HTTP/1.1\r\nAccept: text/html\r\nHost: localhost\r\n\r\n"
"67ms": fuzzing: "GET / HTTP/1.1\r\n\r\n"
"67ms": fuzzing: "GET /about HTTP/1.1\r\nAccept: text/html\r\nUser-Agent: Mozilla/5.0\r\nAccept-Language: en-US\r\n\r\n"
"67ms": fuzzing: "GET /about HTTP/1.1\r\nAccept: text/html\r\nUser-Agent: Mozilla/5.0\r\n\r\n"
"68ms": fuzzing: "GET / HTTP/1.1\r\nUser-Agent: Mozilla/5.0\r\nAccept-Language: en-US\r\nAccept-Language: en-US\r\n\r\n"
"68ms": fuzzing: "GET / HTTP/1.1\r\nAccept-Language: en-US\r\n\r\n"
"68ms": fuzzing: "GET /about HTTP/1.1\r\nAccept: text/html\r\nUser-Agent: Mozilla/5.0\r\nAccept-Language: en-US\r\nHost: localhost\r\n\r\n"
"68ms": fuzzing: "GET / HTTP/1.1\r\nHost: localhost\r\nConnection: close\r\nAccept: text/html\r\n\r\n"
"68ms": fuzzing: "GET /about HTTP/1.1\r\n\r\n"
"68ms": fuzzing: "GET /about HTTP/1.1\r\nConnection: close\r\nConnection: close\r\n\r\n"
"68ms": fuzzing: "GET /about HTTP/1.1\r\nAccept-Language: en-US\r\n\r\n"
"69ms": fuzzing: "GET / HTTP/1.1\r\n\r\n"
"69ms": fuzzing: "GET / HTTP/1.1\r\nAccept: text/html\r\n\r\n"
"69ms": fuzzing: "GET /about HTTP/1.1\r\n\r\n"
"69ms": fuzzing: "GET /about HTTP/1.1\r\nUser-Agent: Mozilla/5.0\r\nAccept: text/html\r\n\r\n"
"69ms": fuzzing: "GET / HTTP/1.1\r\nUser-Agent: Mozilla/5.0\r\nConnection: close\r\n\r\n"
"69ms": fuzzing: "GET /about HTTP/1.1\r\nAccept-Language: en-US\r\nAccept: text/html\r\nConnection: close\r\nConnection: close\r\n\r\n"
"69ms": fuzzing: "GET / HTTP/1.1\r\nConnection: close\r\nAccept-Language: en-US\r\nUser-Agent: Mozilla/5.0\r\nAccept-Language: en-US\r\n\r\n"
"70ms": fuzzing: "GET /about HTTP/1.1\r\nAccept: text/html\r\nAccept: text/html\r\nConnection: close\r\n\r\n"
"70ms": fuzzing: "GET / HTTP/1.1\r\nHost: localhost\r\nAccept: text/html\r\nHost: localhost\r\n\r\n"
"70ms": fuzzing: "GET / HTTP/1.1\r\nAccept-Language: en-US\r\nHost: localhost\r\nHost: localhost\r\nHost: localhost\r\n\r\n"
"70ms": fuzzing: "GET / HTTP/1.1\r\n\r\n"
"70ms": fuzzing: "GET / HTTP/1.1\r\nAccept-Language: en-US\r\nConnection: close\r\n\r\n"
"70ms": fuzzing: "GET /about HTTP/1.1\r\nAccept-Language: en-US\r\nAccept-Language: en-US\r\n\r\n"
"70ms": fuzzing: "GET /about HTTP/1.1\r\nHost: localhost\r\nUser-Agent: Mozilla/5.0\r\nAccept-Language: en-US\r\nAccept: text/html\r\n\r\n"
"71ms": fuzzing: "GET /about HTTP/1.1\r\nAccept: text/html\r\nUser-Agent: Mozilla/5.0\r\n\r\n"
"71ms": fuzzing: "GET / HTTP/1.1\r\nHost: localhost\r\n\r\n"
"71ms": fuzzing: "GET / HTTP/1.1\r\nAccept-Language: en-US\r\n\r\n"
"71ms": fuzzing: "GET /about HTTP/1.1\r\nAccept-Language: en-US\r\nAccept: text/html\r\nAccept-Language: en-US\r\n\r\n"
"71ms": fuzzing: "GET / HTTP/1.1\r\nUser-Agent: Mozilla/5.0\r\n\r\n"
"71ms": fuzzing: "GET / HTTP/1.1\r\n\r\n"
"71ms": fuzzing: "GET /about HTTP/1.1\r\nConnection: close\r\nHost: localhost\r\nHost: localhost\r\n\r\n"
"72ms": fuzzing: "GET /about HTTP/1.1\r\nAccept-Language: en-US\r\n\r\n"
"72ms": fuzzing: "GET / HTTP/1.1\r\n\r\n"
"72ms": fuzzing: "GET / HTTP/1.1\r\nHost: localhost\r\n\r\n"
"72ms": fuzzing: "GET /about HTTP/1.1\r\nHost: localhost\r\n\r\n"
"72ms": fuzzing: "GET /about HTTP/1.1\r\nUser-Agent: Mozilla/5.0\r\nHost: localhost\r\nUser-Agent: Mozilla/5.0\r\nConnection: close\r\n\r\n"
"72ms": fuzzing: "GET /about HTTP/1.1\r\n\r\n"
"72ms": fuzzing: "GET / HTTP/1.1\r\n\r\n"
"73ms": fuzzing: "GET /about HTTP/1.1\r\nAccept-Language: en-US\r\nConnection: close\r\nUser-Agent: Mozilla/5.0\r\nUser-Agent: Mozilla/5.0\r\n\r\n"
"73ms": fuzzing: "GET /about HTTP/1.1\r\nConnection: close\r\n\r\n"
"73ms": fuzzing: "GET /about HTTP/1.1\r\nAccept-Language: en-US\r\nUser-Agent: Mozilla/5.0\r\nAccept: text/html\r\n\r\n"
"73ms": fuzzing: "GET /about HTTP/1.1\r\n\r\n"
"73ms": fuzzing: "GET / HTTP/1.1\r\nAccept-Language: en-US\r\nUser-Agent: Mozilla/5.0\r\nHost: localhost\r\nAccept: text/html\r\n\r\n"
"73ms": fuzzing: "GET /about HTTP/1.1\r\nConnection: close\r\nUser-Agent: Mozilla/5.0\r\n\r\n"
"74ms": fuzzing: "GET / HTTP/1.1\r\n\r\n"
"74ms": fuzzing: "GET /about HTTP/1.1\r\nAccept: text/html\r\nAccept: text/html\r\nConnection: close\r\nUser-Agent: Mozilla/5.0\r\n\r\n"
"74ms": fuzzing: "GET / HTTP/1.1\r\nUser-Agent: Mozilla/5.0\r\nConnection: close\r\n\r\n"
"74ms": fuzzing: "GET / HTTP/1.1\r\n\r\n"
"74ms": fuzzing: "GET /about HTTP/1.1\r\nAccept: text/html\r\nAccept-Language: en-US\r\nHost: localhost\r\nAccept-Language: en-US\r\n\r\n"
"74ms": fuzzing: "GET /about HTTP/1.1\r\n\r\n"
"74ms": fuzzing: "GET / HTTP/1.1\r\n\r\n"
"75ms": fuzzing: "GET /about HTTP/1.1\r\nHost: localhost\r\nHost: localhost\r\n\r\n"
"75ms": fuzzing: "GET / HTTP/1.1\r\nHost: localhost\r\nAccept-Language: en-US\r\nAccept: text/html\r\nConnection: close\r\n\r\n"
"75ms": fuzzing: "GET /about HTTP/1.1\r\nHost: localhost\r\nConnection: close\r\nUser-Agent: Mozilla/5.0\r\n\r\n"
"75ms": fuzzing: "GET / HTTP/1.1\r\nConnection: close\r\n\r\n"
"75ms": fuzzing: "GET /about HTTP/1.1\r\nAccept: text/html\r\nHost: localhost\r\nConnection: close\r\nAccept: text/html\r\n\r\n"
"75ms": fuzzing: "GET / HTTP/1.1\r\n\r\n"
"75ms": fuzzing: "GET / HTTP/1.1\r\n\r\n"
"76ms": fuzzing: "GET / HTTP/1.1\r\nAccept-Language: en-US\r\nConnection: close\r\nAccept-Language: en-US\r\n\r\n"
"76ms": fuzzing: "GET /about HTTP/1.1\r\nHost: localhost\r\n\r\n"
"76ms": fuzzing: "GET /about HTTP/1.1\r\n\r\n"
"76ms": fuzzing: "GET /about HTTP/1.1\r\nHost: localhost\r\nUser-Agent: Mozilla/5.0\r\nAccept: text/html\r\n\r\n"
"76ms": fuzzing: "GET /about HTTP/1.1\r\n\r\n"
"76ms": fuzzing: "GET / HTTP/1.1\r\nAccept-Language: en-US\r\nHost: localhost\r\nAccept-Language: en-US\r\n\r\n"
"77ms": fuzzing: "GET /about HTTP/1.1\r\nUser-Agent: Mozilla/5.0\r\n\r\n"
"77ms": fuzzing: "GET / HTTP/1.1\r\nHost: localhost\r\n\r\n"
"77ms": fuzzing: "GET / HTTP/1.1\r\nAccept: text/html\r\nUser-Agent: Mozilla/5.0\r\nAccept: text/html\r\nHost: localhost\r\n\r\n"
"77ms": fuzzing: "GET /about HTTP/1.1\r\n\r\n"
"77ms": fuzzing: "GET / HTTP/1.1\r\n\r\n"
"77ms": fuzzing: "GET / HTTP/1.1\r\nAccept-Language: en-US\r\nConnection: close\r\n\r\n"
"77ms": fuzzing: "GET /about HTTP/1.1\r\nUser-Agent: Mozilla/5.0\r\nUser-Agent: Mozilla/5.0\r\nUser-Agent: Mozilla/5.0\r\nConnection: close\r\n\r\n"
"78ms": fuzzing: "GET /about HTTP/1.1\r\nUser-Agent: Mozilla/5.0\r\nHost: localhost\r\nUser-Agent: Mozilla/5.0\r\n\r\n"
"78ms": fuzzing: "GET / HTTP/1.1\r\n\r\n"
"78ms": fuzzing: "GET / HTTP/1.1\r\nHost: localhost\r\n\r\n"
"78ms": fuzzing: "GET / HTTP/1.1\r\nConnection: close\r\nAccept: text/html\r\n\r\n"
"78ms": fuzzing: "GET / HTTP/1.1\r\nAccept-Language: en-US\r\nHost: localhost\r\nHost: localhost\r\nConnection: close\r\n\r\n"
"78ms": fuzzing: "GET /about HTTP/1.1\r\n\r\n"
"78ms": fuzzing: "GET /about HTTP/1.1\r\nAccept-Language: en-US\r\nAccept: text/html\r\n\r\n"
"79ms": fuzzing: "GET /about HTTP/1.1\r\n\r\n"
"79ms": fuzzing: "GET /about HTTP/1.1\r\nAccept: text/html\r\n\r\n"
"79ms": fuzzing: "GET /about HTTP/1.1\r\nAccept: text/html\r\nConnection: close\r\nAccept-Language: en-US\r\n\r\n"
"79ms": fuzzing: "GET / HTTP/1.1\r\nUser-Agent: Mozilla/5.0\r\nUser-Agent: Mozilla/5.0\r\n\r\n"
"79ms": fuzzing: "GET /about HTTP/1.1\r\nAccept: text/html\r\nHost: localhost\r\n\r\n"
"79ms": fuzzing: "GET / HTTP/1.1\r\nHost: localhost\r\nConnection: close\r\n\r\n"
"79ms": fuzzing: "GET /about HTTP/1.1\r\nAccept-Language: en-US\r\n\r\n"
"80ms": fuzzing: "GET / HTTP/1.1\r\nHost: localhost\r\nConnection: close\r\n\r\n"
"80ms": fuzzing: "GET / HTTP/1.1\r\nAccept-Language: en-US\r\n\r\n"
"80ms": fuzzing: "GET /about HTTP/1.1\r\nAccept: text/html\r\nAccept: text/html\r\nHost: localhost\r\nUser-Agent: Mozilla/5.0\r\n\r\n"
"80ms": fuzzing: "GET / HTTP/1.1\r\nUser-Agent: Mozilla/5.0\r\n\r\n"
"80ms": fuzzing: "GET /about HTTP/1.1\r\nAccept-Language: en-US\r\nAccept-Language: en-US\r\nUser-Agent: Mozilla/5.0\r\n\r\n"
"80ms": fuzzing: "GET / HTTP/1.1\r\nAccept-Language: en-US\r\n\r\n"
"80ms": fuzzing: "GET / HTTP/1.1\r\n\r\n"
"81ms": fuzzing: "GET / HTTP/1.1\r\nHost: localhost\r\nHost: localhost\r\nAccept-Language: en-US\r\n\r\n"
"81ms": fuzzing: "GET /about HTTP/1.1\r\nHost: localhost\r\nConnection: close\r\nConnection: close\r\nAccept: text/html\r\n\r\n"
"81ms": fuzzing: "GET /about HTTP/1.1\r\nHost: localhost\r\nConnection: close\r\n\r\n"
"81ms": fuzzing: "GET / HTTP/1.1\r\nAccept-Language: en-US\r\nHost: localhost\r\nUser-Agent: Mozilla/5.0\r\n\r\n"
"81ms": fuzzing: "GET / HTTP/1.1\r\nConnection: close\r\nConnection: close\r\nAccept: text/html\r\n\r\n"
"81ms": fuzzing: "GET / HTTP/1.1\r\n\r\n"
"82ms": fuzzing: "GET /about HTTP/1.1\r\nAccept-Language: en-US\r\nUser-Agent: Mozilla/5.0\r\nAccept-Language: en-US\r\n\r\n"
"82ms": fuzzing: "GET / HTTP/1.1\r\nAccept: text/html\r\nUser-Agent: Mozilla/5.0\r\nAccept: text/html\r\nAccept-Language: en-US\r\n\r\n"
"82ms": fuzzing: "GET / HTTP/1.1\r\nHost: localhost\r\nUser-Agent: Mozilla/5.0\r\n\r\n"
"82ms": fuzzing: "GET /about HTTP/1.1\r\nUser-Agent: Mozilla/5.0\r\nConnection: close\r\nHost: localhost\r\nAccept: text/html\r\n\r\n"
"82ms": fuzzing: "GET /about HTTP/1.1\r\nAccept-Language: en-US\r\nHost: localhost\r\nHost: localhost\r\n\r\n"
"82ms": fuzzing: "GET /about HTTP/1.1\r\nConnection: close\r\n\r\n"
"82ms": fuzzing: "GET /about HTTP/1.1\r\nHost: localhost\r\nAccept-Language: en-US\r\n\r\n"
"83ms": fuzzing: "GET /about HTTP/1.1\r\nAccept: text/html\r\nAccept: text/html\r\n\r\n"
"83ms": fuzzing: "GET /about HTTP/1.1\r\nConnection: close\r\nConnection: close\r\nConnection: close\r\nConnection: close\r\n\r\n"
"83ms": fuzzing: "GET /about HTTP/1.1\r\nHost: localhost\r\nConnection: close\r\n\r\n"
"83ms": fuzzing: "GET / HTTP/1.1\r\nUser-Agent: Mozilla/5.0\r\nHost: localhost\r\nUser-Agent: Mozilla/5.0\r\n\r\n"
"83ms": fuzzing: "GET /about HTTP/1.1\r\nAccept: text/html\r\nAccept: text/html\r\nAccept: text/html\r\n\r\n"
"83ms": fuzzing: "GET / HTTP/1.1\r\nAccept: text/html\r\n\r\n"
"83ms": fuzzing: "GET / HTTP/1.1\r\nUser-Agent: Mozilla/5.0\r\nHost: localhost\r\nAccept-Language: en-US\r\n\r\n"
"83ms": fuzzing: "GET /about HTTP/1.1\r\nConnection: close\r\nConnection: close\r\n\r\n"
"84ms": fuzzing: "GET /about HTTP/1.1\r\nUser-Agent: Mozilla/5.0\r\nAccept: text/html\r\nAccept: text/html\r\nAccept-Language: en-US\r\n\r\n"
"84ms": fuzzing: "GET / HTTP/1.1\r\n\r\n"
"84ms": fuzzing: "GET /about HTTP/1.1\r\nUser-Agent: Mozilla/5.0\r\n\r\n"
"84ms": fuzzing: "GET / HTTP/1.1\r\n\r\n"
"84ms": fuzzing: "GET / HTTP/1.1\r\n\r\n"
"84ms": fuzzing: "GET / HTTP/1.1\r\nUser-Agent: Mozilla/5.0\r\nConnection: close\r\nAccept-Language: en-US\r\n\r\n"
"84ms": fuzzing: "GET /about HTTP/1.1\r\nConnection: close\r\nHost: localhost\r\nHost: localhost\r\n\r\n"
"85ms": fuzzing: "GET /about HTTP/1.1\r\nConnection: close\r\nAccept-Language: en-US\r\nConnection: close\r\n\r\n"
"85ms": fuzzing: "GET / HTTP/1.1\r\nUser-Agent: Mozilla/5.0\r\n\r\n"
"85ms": fuzzing: "GET /about HTTP/1.1\r\nAccept: text/html\r\nHost: localhost\r\nHost: localhost\r\nAccept-Language: en-US\r\n\r\n"
"85ms": fuzzing: "GET / HTTP/1.1\r\nHost: localhost\r\nAccept: text/html\r\n\r\n"
"85ms": fuzzing: "GET /about HTTP/1.1\r\n\r\n"
"85ms": fuzzing: "GET / HTTP/1.1\r\nAccept-Language: en-US\r\n\r\n"
"85ms": fuzzing: "GET /about HTTP/1.1\r\nUser-Agent: Mozilla/5.0\r\nHost: localhost\r\n\r\n"
"86ms": fuzzing: "GET / HTTP/1.1\r\nHost: localhost\r\nHost: localhost\r\nConnection: close\r\nConnection: close\r\n\r\n"
"86ms": fuzzing: "GET /about HTTP/1.1\r\nAccept: text/html\r\nAccept: text/html\r\n\r\n"
"86ms": fuzzing: "GET /about HTTP/1.1\r\nAccept: text/html\r\nAccept: text/html\r\nHost: localhost\r\n\r\n"
"86ms": fuzzing: "GET /about HTTP/1.1\r\nConnection: close\r\nHost: localhost\r\nHost: localhost\r\nConnection: close\r\n\r\n"
"86ms": fuzzing: "GET / HTTP/1.1\r\nConnection: close\r\nConnection: close\r\nUser-Agent: Mozilla/5.0\r\n\r\n"
"86ms": fuzzing: "GET / HTTP/1.1\r\nHost: localhost\r\nHost: localhost\r\nConnection: close\r\n\r\n"
"86ms": fuzzing: "GET / HTTP/1.1\r\nUser-Agent: Mozilla/5.0\r\nUser-Agent: Mozilla/5.0\r\nUser-Agent: Mozilla/5.0\r\nAccept: text/html\r\n\r\n"
"86ms": fuzzing: "GET /about HTTP/1.1\r\nUser-Agent: Mozilla/5.0\r\nUser-Agent: Mozilla/5.0\r\nHost: localhost\r\nAccept: text/html\r\n\r\n"
"87ms": fuzzing: "GET / HTTP/1.1\r\nUser-Agent: Mozilla/5.0\r\n\r\n"
"87ms": fuzzing: "GET / HTTP/1.1\r\n\r\n"
"87ms": fuzzing: "GET / HTTP/1.1\r\nAccept-Language: en-US\r\nHost: localhost\r\n\r\n"
"87ms": fuzzing: "GET /about HTTP/1.1\r\nAccept: text/html\r\nConnection: close\r\nConnection: close\r\nHost: localhost\r\n\r\n"
"87ms": fuzzing: "GET / HTTP/1.1\r\nAccept-Language: en-US\r\nAccept: text/html\r\nHost: localhost\r\n\r\n"
"87ms": fuzzing: "GET / HTTP/1.1\r\nAccept-Language: en-US\r\n\r\n"
"87ms": fuzzing: "GET / HTTP/1.1\r\n\r\n"
"88ms": fuzzing: "GET /about HTTP/1.1\r\nAccept-Language: en-US\r\nUser-Agent: Mozilla/5.0\r\nAccept-Language: en-US\r\n\r\n"
"88ms": fuzzing: "GET /about HTTP/1.1\r\n\r\n"
"88ms": fuzzing: "GET /about HTTP/1.1\r\nAccept-Language: en-US\r\nAccept: text/html\r\n\r\n"
"88ms": fuzzing: "GET / HTTP/1.1\r\n\r\n"
"88ms": fuzzing: "GET /about HTTP/1.1\r\nUser-Agent: Mozilla/5.0\r\nAccept-Language: en-US\r\nHost: localhost\r\n\r\n"
"88ms": fuzzing: "GET /about HTTP/1.1\r\nConnection: close\r\n\r\n"
"88ms": fuzzing: "GET / HTTP/1.1\r\nUser-Agent: Mozilla/5.0\r\nConnection: close\r\nAccept-Language: en-US\r\nHost: localhost\r\n\r\n"
"89ms": fuzzing: "GET / HTTP/1.1\r\n\r\n"
"89ms": fuzzing: "GET / HTTP/1.1\r\n\r\n"
"89ms": fuzzing: "GET /about HTTP/1.1\r\nHost: localhost\r\n\r\n"
"89ms": fuzzing: "GET / HTTP/1.1\r\nHost: localhost\r\n\r\n"
"89ms": fuzzing: "GET /about HTTP/1.1\r\n\r\n"
"89ms": fuzzing: "GET / HTTP/1.1\r\n\r\n"
"89ms": fuzzing: "GET /about HTTP/1.1\r\nAccept: text/html\r\nHost: localhost\r\n\r\n"
"89ms": fuzzing: "GET / HTTP/1.1\r\n\r\n"
"90ms": fuzzing: "GET / HTTP/1.1\r\nHost: localhost\r\n\r\n"
"90ms": fuzzing: "GET / HTTP/1.1\r\nAccept: text/html\r\nUser-Agent: Mozilla/5.0\r\nUser-Agent: Mozilla/5.0\r\n\r\n"
"90ms": fuzzing: "GET /about HTTP/1.1\r\nUser-Agent: Mozilla/5.0\r\nAccept-Language: en-US\r\nAccept: text/html\r\nConnection: close\r\n\r\n"
"90ms": fuzzing: "GET / HTTP/1.1\r\nUser-Agent: Mozilla/5.0\r\nConnection: close\r\nHost: localhost\r\nAccept-Language: en-US\r\n\r\n"
"90ms": fuzzing: "GET /about HTTP/1.1\r\nConnection: close\r\nAccept-Language: en-US\r\n\r\n"
"90ms": fuzzing: "GET / HTTP/1.1\r\nAccept-Language: en-US\r\nAccept: text/html\r\n\r\n"
"91ms": fuzzing: "GET /about HTTP/1.1\r\nAccept-Language: en-US\r\n\r\n"
"91ms": fuzzing: "GET / HTTP/1.1\r\nHost: localhost\r\nHost: localhost\r\nAccept-Language: en-US\r\n\r\n"
"91ms": fuzzing: "GET / HTTP/1.1\r\nConnection: close\r\nAccept-Language: en-US\r\n\r\n"
"91ms": fuzzing: "GET /about HTTP/1.1\r\nAccept-Language: en-US\r\nAccept: text/html\r\n\r\n"
"91ms": fuzzing: "GET / HTTP/1.1\r\n\r\n"
"91ms": fuzzing: "GET /about HTTP/1.1\r\nHost: localhost\r\nAccept-Language: en-US\r\nAccept-Language: en-US\r\n\r\n"
"91ms": fuzzing: "GET /about HTTP/1.1\r\nConnection: close\r\nConnection: close\r\nAccept-Language: en-US\r\nAccept: text/html\r\n\r\n"
"92ms": fuzzing: "GET /about HTTP/1.1\r\nAccept-Language: en-US\r\nHost: localhost\r\nConnection: close\r\nUser-Agent: Mozilla/5.0\r\n\r\n"
"92ms": fuzzing: "GET / HTTP/1.1\r\n\r\n"
"92ms": fuzzing: "GET / HTTP/1.1\r\n\r\n"
"92ms": fuzzing: "GET /about HTTP/1.1\r\n\r\n"
"92ms": fuzzing: "GET /about HTTP/1.1\r\nAccept-Language: en-US\r\nAccept-Language: en-US\r\n\r\n"
"92ms": fuzzing: "GET / HTTP/1.1\r\n\r\n"
"92ms": fuzzing: "GET /about HTTP/1.1\r\nConnection: close\r\nUser-Agent: Mozilla/5.0\r\nAccept: text/html\r\n\r\n"
"93ms": fuzzing: "GET / HTTP/1.1\r\nUser-Agent: Mozilla/5.0\r\nAccept: text/html\r\nHost: localhost\r\n\r\n"
"93ms": fuzzing: "GET / HTTP/1.1\r\nHost: localhost\r\nHost: localhost\r\n\r\n"
"93ms": fuzzing: "GET / HTTP/1.1\r\nConnection: close\r\nAccept-Language: en-US\r\nUser-Agent: Mozilla/5.0\r\n\r\n"
"93ms": fuzzing: "GET /about HTTP/1.1\r\nAccept-Language: en-US\r\nUser-Agent: Mozilla/5.0\r\nUser-Agent: Mozilla/5.0\r\nHost: localhost\r\n\r\n"
"93ms": fuzzing: "GET / HTTP/1.1\r\n\r\n"
"93ms": fuzzing: "GET /about HTTP/1.1\r\nConnection: close\r\nUser-Agent: Mozilla/5.0\r\nAccept-Language: en-US\r\nHost: localhost\r\n\r\n"
"93ms": fuzzing: "GET /about HTTP/1.1\r\nHost: localhost\r\nConnection: close\r\n\r\n"
"94ms": fuzzing: "GET /about HTTP/1.1\r\nAccept-Language: en-US\r\nConnection: close\r\nUser-Agent: Mozilla/5.0\r\n\r\n"
"94ms": fuzzing: "GET /about HTTP/1.1\r\nAccept: text/html\r\nAccept-Language: en-US\r\nAccept: text/html\r\nAccept-Language: en-US\r\n\r\n"
"94ms": fuzzing: "GET / HTTP/1.1\r\nConnection: close\r\n\r\n"
"94ms": fuzzing: "GET /about HTTP/1.1\r\n\r\n"
"94ms": fuzzing: "GET / HTTP/1.1\r\nAccept-Language: en-US\r\nAccept-Language: en-US\r\nAccept: text/html\r\n\r\n"
"94ms": fuzzing: "GET / HTTP/1.1\r\nAccept-Language: en-US\r\n\r\n"
"94ms": fuzzing: "GET / HTTP/1.1\r\n\r\n"
"95ms": fuzzing: "GET / HTTP/1.1\r\n\r\n"
"95ms": fuzzing: "GET / HTTP/1.1\r\nAccept-Language: en-US\r\nAccept: text/html\r\nHost: localhost\r\nUser-Agent: Mozilla/5.0\r\n\r\n"
"95ms": fuzzing: "GET /about HTTP/1.1\r\n\r\n"
"95ms": fuzzing: "GET /about HTTP/1.1\r\nAccept-Language: en-US\r\nUser-Agent: Mozilla/5.0\r\nUser-Agent: Mozilla/5.0\r\n\r\n"
"95ms": fuzzing: "GET /about HTTP/1.1\r\nUser-Agent: Mozilla/5.0\r\nUser-Agent: Mozilla/5.0\r\nUser-Agent: Mozilla/5.0\r\n\r\n"
"95ms": fuzzing: "GET /about HTTP/1.1\r\n\r\n"
"96ms": fuzzing: "GET /about HTTP/1.1\r\n\r\n"
"96ms": fuzzing: "GET /about HTTP/1.1\r\nUser-Agent: Mozilla/5.0\r\nConnection: close\r\nAccept: text/html\r\nHost: localhost\r\n\r\n"
"96ms": fuzzing: "GET /about HTTP/1.1\r\n\r\n"
"96ms": fuzzing: "GET /about HTTP/1.1\r\nAccept-Language: en-US\r\nConnection: close\r\nConnection: close\r\n\r\n"
"96ms": fuzzing: "GET /about HTTP/1.1\r\nHost: localhost\r\nUser-Agent: Mozilla/5.0\r\nAccept: text/html\r\nAccept-Language: en-US\r\n\r\n"
"96ms": fuzzing: "GET / HTTP/1.1\r\nAccept: text/html\r\n\r\n"
"96ms": fuzzing: "GET / HTTP/1.1\r\n\r\n"
"96ms": fuzzing: "GET /about HTTP/1.1\r\nAccept: text/html\r\n\r\n"
"97ms": fuzzing: "GET / HTTP/1.1\r\nHost: localhost\r\nHost: localhost\r\n\r\n"
"97ms": fuzzing: "GET / HTTP/1.1\r\nConnection: close\r\nConnection: close\r\nUser-Agent: Mozilla/5.0\r\n\r\n"
"97ms": fuzzing: "GET /about HTTP/1.1\r\nUser-Agent: Mozilla/5.0\r\nHost: localhost\r\nAccept-Language: en-US\r\nAccept: text/html\r\n\r\n"
"97ms": fuzzing: "GET /about HTTP/1.1\r\nHost: localhost\r\n\r\n"
"97ms": fuzzing: "GET / HTTP/1.1\r\nConnection: close\r\n\r\n"
"97ms": fuzzing: "GET / HTTP/1.1\r\nUser-Agent: Mozilla/5.0\r\nAccept: text/html\r\nHost: localhost\r\nAccept: text/html\r\n\r\n"
"97ms": fuzzing: "GET / HTTP/1.1\r\nHost: localhost\r\nAccept-Language: en-US\r\nAccept-Language: en-US\r\n\r\n"
"98ms": fuzzing: "GET / HTTP/1.1\r\nAccept-Language: en-US\r\nHost: localhost\r\nAccept: text/html\r\nConnection: close\r\n\r\n"
"98ms": fuzzing: "GET / HTTP/1.1\r\nHost: localhost\r\nAccept: text/html\r\n\r\n"
"98ms": fuzzing: "GET /about HTTP/1.1\r\nAccept: text/html\r\nHost: localhost\r\n\r\n"
"98ms": fuzzing: "GET / HTTP/1.1\r\nHost: localhost\r\n\r\n"
"98ms": fuzzing: "GET /about HTTP/1.1\r\nAccept-Language: en-US\r\nAccept-Language: en-US\r\nAccept: text/html\r\n\r\n"
"98ms": fuzzing: "GET /about HTTP/1.1\r\nAccept: text/html\r\nConnection: close\r\n\r\n"
"99ms": fuzzing: "GET /about HTTP/1.1\r\nAccept-Language: en-US\r\nAccept: text/html\r\n\r\n"
"99ms": fuzzing: "GET /about HTTP/1.1\r\n\r\n"
"99ms": fuzzing: "GET / HTTP/1.1\r\nAccept-Language: en-US\r\nConnection: close\r\nHost: localhost\r\nUser-Agent: Mozilla/5.0\r\n\r\n"
"99ms": fuzzing: "GET / HTTP/1.1\r\nAccept-Language: en-US\r\nAccept: text/html\r\nUser-Agent: Mozilla/5.0\r\n\r\n"
"99ms": fuzzing: "GET / HTTP/1.1\r\nConnection: close\r\nAccept-Language: en-US\r\n\r\n"
"99ms": fuzzing: "GET /about HTTP/1.1\r\nAccept-Language: en-US\r\nHost: localhost\r\nAccept: text/html\r\n\r\n"
"99ms": fuzzing: "GET /about HTTP/1.1\r\nUser-Agent: Mozilla/5.0\r\n\r\n"
"99ms": fuzzing: "GET / HTTP/1.1\r\nAccept-Language: en-US\r\nConnection: close\r\n\r\n"
"100ms": fuzzing: "GET /about HTTP/1.1\r\nConnection: close\r\nAccept-Language: en-US\r\nAccept: text/html\r\n\r\n"
"100ms": fuzzing: "GET / HTTP/1.1\r\nAccept-Language: en-US\r\nConnection: close\r\nHost: localhost\r\nAccept-Language: en-US\r\n\r\n"
"100ms": fuzzing: "GET /about HTTP/1.1\r\n\r\n"
"100ms": fuzzing: "GET /about HTTP/1.1\r\nConnection: close\r\nHost: localhost\r\n\r\n"
"100ms": fuzzing: "GET /about HTTP/1.1\r\nConnection: close\r\nUser-Agent: Mozilla/5.0\r\n\r\n"
"100ms": fuzzing: "GET / HTTP/1.1\r\nAccept: text/html\r\nAccept: text/html\r\n\r\n"
"100ms": fuzzing: "GET /about HTTP/1.1\r\nAccept: text/html\r\nConnection: close\r\nConnection: close\r\n\r\n"
"101ms": fuzzing: "GET / HTTP/1.1\r\nAccept: text/html\r\n\r\n"
"101ms": fuzzing: "GET / HTTP/1.1\r\nConnection: close\r\nUser-Agent: Mozilla/5.0\r\n\r\n"
"101ms": fuzzing: "GET /about HTTP/1.1\r\n\r\n"
"101ms": fuzzing: "GET / HTTP/1.1\r\nConnection: close\r\nConnection: close\r\n\r\n"
"101ms": fuzzing: "GET /about HTTP/1.1\r\nUser-Agent: Mozilla/5.0\r\nConnection: close\r\n\r\n"
"101ms": fuzzing: "GET /about HTTP/1.1\r\nHost: localhost\r\nHost: localhost\r\n\r\n"
"101ms": fuzzing: "GET / HTTP/1.1\r\n\r\n"
"102ms": fuzzing: "GET / HTTP/1.1\r\n\r\n"
"102ms": fuzzing: "GET / HTTP/1.1\r\n\r\n"
"102ms": fuzzing: "GET /about HTTP/1.1\r\nHost: localhost\r\nUser-Agent: Mozilla/5.0\r\nConnection: close\r\nAccept: text/html\r\n\r\n"
"102ms": fuzzing: "GET / HTTP/1.1\r\nHost: localhost\r\n\r\n"
"102ms": fuzzing: "GET /about HTTP/1.1\r\nUser-Agent: Mozilla/5.0\r\n\r\n"
"102ms": fuzzing: "GET /about HTTP/1.1\r\nHost: localhost\r\nUser-Agent: Mozilla/5.0\r\nHost: localhost\r\n\r\n"
"102ms": fuzzing: "GET /about HTTP/1.1\r\nConnection: close\r\nAccept: text/html\r\n\r\n"
"103ms": fuzzing: "GET / HTTP/1.1\r\nUser-Agent: Mozilla/5.0\r\nAccept-Language: en-US\r\nAccept-Language: en-US\r\nUser-Agent: Mozilla/5.0\r\n\r\n"
"103ms": fuzzing: "GET /about HTTP/1.1\r\nAccept-Language: en-US\r\nUser-Agent: Mozilla/5.0\r\nAccept: text/html\r\nUser-Agent: Mozilla/5.0\r\n\r\n"
"103ms": fuzzing: "GET / HTTP/1.1\r\nConnection: close\r\nConnection: close\r\n\r\n"
"103ms": fuzzing: "GET / HTTP/1.1\r\nAccept: text/html\r\n\r\n"
"103ms": fuzzing: "GET / HTTP/1.1\r\n\r\n"
"103ms": fuzzing: "GET / HTTP/1.1\r\nHost: localhost\r\n\r\n"
"103ms": fuzzing: "GET /about HTTP/1.1\r\nUser-Agent: Mozilla/5.0\r\n\r\n"
"103ms": fuzzing: "GET /about HTTP/1.1\r\n\r\n"
"104ms": fuzzing: "GET / HTTP/1.1\r\nConnection: close\r\n\r\n"
"104ms": fuzzing: "GET /about HTTP/1.1\r\n\r\n"
"104ms": fuzzing: "GET /about HTTP/1.1\r\nAccept: text/html\r\nAccept-Language: en-US\r\nHost: localhost\r\nAccept-Language: en-US\r\n\r\n"
"104ms": fuzzing: "GET / HTTP/1.1\r\nHost: localhost\r\nHost: localhost\r\n\r\n"
"104ms": fuzzing: "GET / HTTP/1.1\r\nAccept-Language: en-US\r\nAccept: text/html\r\nConnection: close\r\nConnection: close\r\n\r\n"
"104ms": fuzzing: "GET /about HTTP/1.1\r\nAccept: text/html\r\n\r\n"
"104ms": fuzzing: "GET /about HTTP/1.1\r\n\r\n"
"105ms": fuzzing: "GET /about HTTP/1.1\r\nUser-Agent: Mozilla/5.0\r\nAccept: text/html\r\nAccept: text/html\r\n\r\n"
"105ms": fuzzing: "GET /about HTTP/1.1\r\nHost: localhost\r\nAccept: text/html\r\nUser-Agent: Mozilla/5.0\r\nConnection: close\r\n\r\n"
"105ms": fuzzing: "GET / HTTP/1.1\r\nAccept: text/html\r\nUser-Agent: Mozilla/5.0\r\nAccept-Language: en-US\r\nUser-Agent: Mozilla/5.0\r\n\r\n"
"105ms": fuzzing: "GET /about HTTP/1.1\r\n\r\n"
"105ms": fuzzing: "GET / HTTP/1.1\r\nConnection: close\r\n\r\n"
"105ms": fuzzing: "GET /about HTTP/1.1\r\nConnection: close\r\nAccept: text/html\r\nConnection: close\r\nConnection: close\r\n\r\n"
"105ms": fuzzing: "GET / HTTP/1.1\r\nAccept-Language: en-US\r\nAccept: text/html\r\nHost: localhost\r\nAccept-Language: en-US\r\n\r\n"
"106ms": fuzzing: "GET /about HTTP/1.1\r\nUser-Agent: Mozilla/5.0\r\nAccept-Language: en-US\r\n\r\n"
"106ms": fuzzing: "GET / HTTP/1.1\r\nConnection: close\r\n\r\n"
"106ms": fuzzing: "GET / HTTP/1.1\r\n\r\n"
"106ms": fuzzing: "GET /about HTTP/1.1\r\nConnection: close\r\nHost: localhost\r\n\r\n"
"106ms": fuzzing: "GET /about HTTP/1.1\r\nAccept-Language: en-US\r\nUser-Agent: Mozilla/5.0\r\n\r\n"
"106ms": fuzzing: "GET /about HTTP/1.1\r\nAccept-Language: en-US\r\nUser-Agent: Mozilla/5.0\r\n\r\n"
"106ms": fuzzing: "GET /about HTTP/1.1\r\nConnection: close\r\n\r\n"
"107ms": fuzzing: "GET / HTTP/1.1\r\nAccept-Language: en-US\r\nAccept: text/html\r\nConnection: close\r\n\r\n"
"107ms": fuzzing: "GET /about HTTP/1.1\r\nAccept-Language: en-US\r\nHost: localhost\r\nAccept: text/html\r\n\r\n"
"107ms": fuzzing: "GET /about HTTP/1.1\r\nConnection: close\r\nUser-Agent: Mozilla/5.0\r\nConnection: close\r\nAccept: text/html\r\n\r\n"
"107ms": fuzzing: "GET / HTTP/1.1\r\nAccept: text/html\r\n\r\n"
"107ms": fuzzing: "GET / HTTP/1.1\r\nHost: localhost\r\nAccept-Language: en-US\r\nHost: localhost\r\nConnection: close\r\n\r\n"
"108ms": fuzzing: "GET / HTTP/1.1\r\nConnection: close\r\nHost: localhost\r\nAccept: text/html\r\n\r\n"
"108ms": fuzzing: "GET / HTTP/1.1\r\nAccept-Language: en-US\r\nConnection: close\r\n\r\n"
"108ms": fuzzing: "GET / HTTP/1.1\r\n\r\n"
"108ms": fuzzing: "GET /about HTTP/1.1\r\nConnection: close\r\nConnection: close\r\n\r\n"
"108ms": fuzzing: "GET /about HTTP/1.1\r\n\r\n"
"108ms": fuzzing: "GET /about HTTP/1.1\r\n\r\n"
"108ms": fuzzing: "GET /about HTTP/1.1\r\nHost: localhost\r\nAccept-Language: en-US\r\n\r\n"
"109ms": fuzzing: "GET / HTTP/1.1\r\nAccept: text/html\r\nAccept-Language: en-US\r\nAccept-Language: en-US\r\n\r\n"
"109ms": fuzzing: "GET / HTTP/1.1\r\nAccept: text/html\r\n\r\n"
"109ms": fuzzing: "GET /about HTTP/1.1\r\nAccept: text/html\r\nConnection: close\r\nConnection: close\r\n\r\n"
"109ms": fuzzing: "GET / HTTP/1.1\r\nUser-Agent: Mozilla/5.0\r\nConnection: close\r\nHost: localhost\r\nHost: localhost\r\n\r\n"
"109ms": fuzzing: "GET / HTTP/1.1\r\nHost: localhost\r\nUser-Agent: Mozilla/5.0\r\n\r\n"
"109ms": fuzzing: "GET /about HTTP/1.1\r\nHost: localhost\r\nAccept-Language: en-US\r\nAccept-Language: en-US\r\n\r\n"
"109ms": fuzzing: "GET / HTTP/1.1\r\nAccept: text/html\r\n\r\n"
"110ms": fuzzing: "GET / HTTP/1.1\r\nHost: localhost\r\nHost: localhost\r\n\r\n"
"110ms": fuzzing: "GET /about HTTP/1.1\r\nConnection: close\r\nAccept-Language: en-US\r\n\r\n"
"110ms": fuzzing: "GET /about HTTP/1.1\r\n\r\n"
"110ms": fuzzing: "GET / HTTP/1.1\r\nConnection: close\r\nUser-Agent: Mozilla/5.0\r\n\r\n"
"110ms": fuzzing: "GET / HTTP/1.1\r\nHost: localhost\r\nConnection: close\r\n\r\n"
"110ms": fuzzing: "GET /about HTTP/1.1\r\nConnection: close\r\nAccept-Language: en-US\r\n\r\n"
"111ms": fuzzing: "GET / HTTP/1.1\r\n\r\n"
"111ms": fuzzing: "GET / HTTP/1.1\r\nUser-Agent: Mozilla/5.0\r\n\r\n"
"111ms": fuzzing: "GET / HTTP/1.1\r\nUser-Agent: Mozilla/5.0\r\nUser-Agent: Mozilla/5.0\r\nConnection: close\r\n\r\n"
"111ms": fuzzing: "GET / HTTP/1.1\r\nUser-Agent: Mozilla/5.0\r\nHost: localhost\r\n\r\n"
"111ms": fuzzing: "GET /about HTTP/1.1\r\nAccept: text/html\r\nAccept-Language: en-US\r\nAccept-Language: en-US\r\n\r\n"
"111ms": fuzzing: "GET /about HTTP/1.1\r\nConnection: close\r\nHost: localhost\r\nUser-Agent: Mozilla/5.0\r\nConnection: close\r\n\r\n"
"112ms": fuzzing: "GET / HTTP/1.1\r\nAccept-Language: en-US\r\nAccept-Language: en-US\r\nHost: localhost\r\n\r\n"
"112ms": fuzzing: "GET /about HTTP/1.1\r\nAccept: text/html\r\nAccept-Language: en-US\r\nAccept-Language: en-US\r\n\r\n"
"112ms": fuzzing: "GET /about HTTP/1.1\r\n\r\n"
"112ms": fuzzing: "GET / HTTP/1.1\r\nHost: localhost\r\nUser-Agent: Mozilla/5.0\r\nConnection: close\r\n\r\n"
"112ms": fuzzing: "GET /about HTTP/1.1\r\nAccept: text/html\r\nAccept-Language: en-US\r\nUser-Agent: Mozilla/5.0\r\nHost: localhost\r\n\r\n"
"113ms": fuzzing: "GET / HTTP/1.1\r\nHost: localhost\r\nConnection: close\r\nHost: localhost\r\n\r\n"
"113ms": fuzzing: "GET / HTTP/1.1\r\nAccept-Language: en-US\r\nConnection: close\r\nConnection: close\r\nConnection: close\r\n\r\n"
"113ms": fuzzing: "GET / HTTP/1.1\r\nAccept-Language: en-US\r\nConnection: close\r\nAccept: text/html\r\nAccept: text/html\r\n\r\n"
"113ms": fuzzing: "GET /about HTTP/1.1\r\nUser-Agent: Mozilla/5.0\r\nUser-Agent: Mozilla/5.0\r\n\r\n"
"113ms": fuzzing: "GET / HTTP/1.1\r\n\r\n"
"113ms": fuzzing: "GET / HTTP/1.1\r\nAccept: text/html\r\nAccept: text/html\r\n\r\n"
"114ms": fuzzing: "GET /about HTTP/1.1\r\nAccept: text/html\r\nAccept-Language: en-US\r\nAccept: text/html\r\nAccept-Language: en-US\r\n\r\n"
"114ms": fuzzing: "GET /about HTTP/1.1\r\n\r\n"
"114ms": fuzzing: "GET /about HTTP/1.1\r\nConnection: close\r\nUser-Agent: Mozilla/5.0\r\nHost: localhost\r\nConnection: close\r\n\r\n"
"114ms": fuzzing: "GET /about HTTP/1.1\r\nAccept: text/html\r\n\r\n"
"114ms": fuzzing: "GET /about HTTP/1.1\r\nAccept-Language: en-US\r\n\r\n"
"114ms": fuzzing: "GET / HTTP/1.1\r\nAccept-Language: en-US\r\nUser-Agent: Mozilla/5.0\r\nHost: localhost\r\nAccept-Language: en-US\r\n\r\n"
"114ms": fuzzing: "GET / HTTP/1.1\r\nHost: localhost\r\nConnection: close\r\nAccept-Language: en-US\r\n\r\n"
"115ms": fuzzing: "GET /about HTTP/1.1\r\nUser-Agent: Mozilla/5.0\r\nUser-Agent: Mozilla/5.0\r\nUser-Agent: Mozilla/5.0\r\n\r\n"
"115ms": fuzzing: "GET / HTTP/1.1\r\n\r\n"
"115ms": fuzzing: "GET /about HTTP/1.1\r\nConnection: close\r\nUser-Agent: Mozilla/5.0\r\nHost: localhost\r\n\r\n"
"115ms": fuzzing: "GET / HTTP/1.1\r\nConnection: close\r\nAccept: text/html\r\n\r\n"
"115ms": fuzzing: "GET / HTTP/1.1\r\nConnection: close\r\nAccept-Language: en-US\r\n\r\n"
"115ms": fuzzing: "GET /about HTTP/1.1\r\n\r\n"
"115ms": fuzzing: "GET /about HTTP/1.1\r\nUser-Agent: Mozilla/5.0\r\n\r\n"
"116ms": fuzzing: "GET / HTTP/1.1\r\nAccept: text/html\r\nConnection: close\r\nConnection: close\r\n\r\n"
"116ms": fuzzing: "GET /about HTTP/1.1\r\nAccept-Language: en-US\r\nAccept-Language: en-US\r\n\r\n"
"116ms": fuzzing: "GET /about HTTP/1.1\r\nAccept: text/html\r\nAccept-Language: en-US\r\n\r\n"
"116ms": fuzzing: "GET / HTTP/1.1\r\n\r\n"
"116ms": fuzzing: "GET /about HTTP/1.1\r\nAccept: text/html\r\nUser-Agent: Mozilla/5.0\r\n\r\n"
"116ms": fuzzing: "GET /about HTTP/1.1\r\n\r\n"
"116ms": fuzzing: "GET /about HTTP/1.1\r\nUser-Agent: Mozilla/5.0\r\nAccept: text/html\r\nHost: localhost\r\n\r\n"
"117ms": fuzzing: "GET /about HTTP/1.1\r\nUser-Agent: Mozilla/5.0\r\n\r\n"
"117ms": fuzzing: "GET / HTTP/1.1\r\nAccept-Language: en-US\r\nAccept-Language: en-US\r\n\r\n"
"117ms": fuzzing: "GET /about HTTP/1.1\r\nUser-Agent: Mozilla/5.0\r\n\r\n"
"117ms": fuzzing: "GET / HTTP/1.1\r\nHost: localhost\r\nConnection: close\r\n\r\n"
"117ms": fuzzing: "GET /about HTTP/1.1\r\nAccept-Language: en-US\r\nHost: localhost\r\nAccept: text/html\r\nAccept: text/html\r\n\r\n"
"117ms": fuzzing: "GET / HTTP/1.1\r\nAccept-Language: en-US\r\nUser-Agent: Mozilla/5.0\r\nConnection: close\r\n\r\n"
"118ms": fuzzing: "GET /about HTTP/1.1\r\nAccept: text/html\r\nAccept: text/html\r\n\r\n"
"118ms": fuzzing: "GET / HTTP/1.1\r\nUser-Agent: Mozilla/5.0\r\nAccept-Language: en-US\r\nConnection: close\r\n\r\n"
"118ms": fuzzing: "GET / HTTP/1.1\r\nAccept: text/html\r\nAccept: text/html\r\nAccept-Language: en-US\r\n\r\n"
"118ms": fuzzing: "GET /about HTTP/1.1\r\nHost: localhost\r\n\r\n"
"118ms": fuzzing: "GET / HTTP/1.1\r\nUser-Agent: Mozilla/5.0\r\nAccept: text/html\r\nAccept-Language: en-US\r\nUser-Agent: Mozilla/5.0\r\n\r\n"
"118ms": fuzzing: "GET /about HTTP/1.1\r\n\r\n"
"119ms": fuzzing: "GET / HTTP/1.1\r\nAccept: text/html\r\nAccept-Language: en-US\r\n\r\n"
"119ms": fuzzing: "GET /about HTTP/1.1\r\nAccept-Language: en-US\r\nAccept-Language: en-US\r\nConnection: close\r\n\r\n"
"119ms": fuzzing: "GET /about HTTP/1.1\r\nUser-Agent: Mozilla/5.0\r\nConnection: close\r\nConnection: close\r\n\r\n"
"119ms": fuzzing: "GET /about HTTP/1.1\r\nUser-Agent: Mozilla/5.0\r\nConnection: close\r\n\r\n"
"119ms": fuzzing: "GET /about HTTP/1.1\r\nConnection: close\r\nUser-Agent: Mozilla/5.0\r\n\r\n"
"119ms": fuzzing: "GET / HTTP/1.1\r\nHost: localhost\r\nConnection: close\r\nUser-Agent: Mozilla/5.0\r\nConnection: close\r\n\r\n"
"119ms": fuzzing: "GET /about HTTP/1.1\r\nAccept: text/html\r\nUser-Agent: Mozilla/5.0\r\nAccept: text/html\r\n\r\n"
"120ms": fuzzing: "GET /about HTTP/1.1\r\nHost: localhost\r\nHost: localhost\r\nAccept-Language: en-US\r\nAccept: text/html\r\n\r\n"
"120ms": fuzzing: "GET / HTTP/1.1\r\nConnection: close\r\nHost: localhost\r\nUser-Agent: Mozilla/5.0\r\n\r\n"
"120ms": fuzzing: "GET / HTTP/1.1\r\nUser-Agent: Mozilla/5.0\r\nUser-Agent: Mozilla/5.0\r\nConnection: close\r\nConnection: close\r\n\r\n"
"120ms": fuzzing: "GET /about HTTP/1.1\r\n\r\n"
"120ms": fuzzing: "GET /about HTTP/1.1\r\nUser-Agent: Mozilla/5.0\r\n\r\n"
"120ms": fuzzing: "GET / HTTP/1.1\r\nConnection: close\r\nUser-Agent: Mozilla/5.0\r\nUser-Agent: Mozilla/5.0\r\n\r\n"
"120ms": fuzzing: "GET /about HTTP/1.1\r\nHost: localhost\r\nUser-Agent: Mozilla/5.0\r\n\r\n"
"121ms": fuzzing: "GET / HTTP/1.1\r\n\r\n"
"121ms": fuzzing: "GET / HTTP/1.1\r\nHost: localhost\r\n\r\n"
"121ms": fuzzing: "GET /about HTTP/1.1\r\nHost: localhost\r\n\r\n"
"121ms": fuzzing: "GET /about HTTP/1.1\r\nAccept: text/html\r\nAccept: text/html\r\nUser-Agent: Mozilla/5.0\r\n\r\n"
"121ms": fuzzing: "GET /about HTTP/1.1\r\nAccept: text/html\r\nAccept: text/html\r\nConnection: close\r\nUser-Agent: Mozilla/5.0\r\n\r\n"
"121ms": fuzzing: "GET / HTTP/1.1\r\nHost: localhost\r\n\r\n"
"121ms": fuzzing: "GET /about HTTP/1.1\r\nUser-Agent: Mozilla/5.0\r\nHost: localhost\r\nHost: localhost\r\n\r\n"
"122ms": fuzzing: "GET / HTTP/1.1\r\nUser-Agent: Mozilla/5.0\r\nHost: localhost\r\n\r\n"
"122ms": fuzzing: "GET /about HTTP/1.1\r\nUser-Agent: Mozilla/5.0\r\nConnection: close\r\nAccept-Language: en-US\r\n\r\n"
"122ms": fuzzing: "GET / HTTP/1.1\r\nConnection: close\r\n\r\n"
"122ms": fuzzing: "GET /about HTTP/1.1\r\nConnection: close\r\nConnection: close\r\nAccept: text/html\r\n\r\n"
"122ms": fuzzing: "GET / HTTP/1.1\r\nAccept: text/html\r\nAccept-Language: en-US\r\nAccept-Language: en-US\r\n\r\n"
"122ms": fuzzing: "GET / HTTP/1.1\r\nAccept: text/html\r\nUser-Agent: Mozilla/5.0\r\n\r\n"
"122ms": fuzzing: "GET / HTTP/1.1\r\nAccept: text/html\r\nUser-Agent: Mozilla/5.0\r\nAccept-Language: en-US\r\n\r\n"
"123ms": fuzzing: "GET / HTTP/1.1\r\nHost: localhost\r\n\r\n"
"123ms": fuzzing: "GET / HTTP/1.1\r\nHost: localhost\r\nAccept: text/html\r\n\r\n"
"123ms": fuzzing: "GET / HTTP/1.1\r\nAccept-Language: en-US\r\nConnection: close\r\n\r\n"
"123ms": fuzzing: "GET /about HTTP/1.1\r\nAccept: text/html\r\n\r\n"
"123ms": fuzzing: "GET / HTTP/1.1\r\n\r\n"
"123ms": fuzzing: "GET /about HTTP/1.1\r\nAccept: text/html\r\nAccept: text/html\r\nUser-Agent: Mozilla/5.0\r\nConnection: close\r\n\r\n"
"124ms": fuzzing: "GET /about HTTP/1.1\r\n\r\n"
"124ms": fuzzing: "GET /about HTTP/1.1\r\nAccept: text/html\r\nAccept-Language: en-US\r\n\r\n"
"124ms": fuzzing: "GET /about HTTP/1.1\r\nConnection: close\r\nConnection: close\r\nUser-Agent: Mozilla/5.0\r\nConnection: close\r\n\r\n"
"124ms": fuzzing: "GET / HTTP/1.1\r\nConnection: close\r\n\r\n"
"124ms": fuzzing: "GET / HTTP/1.1\r\nConnection: close\r\nAccept-Language: en-US\r\nAccept-Language: en-US\r\nHost: localhost\r\n\r\n"
"124ms": fuzzing: "GET /about HTTP/1.1\r\nConnection: close\r\nUser-Agent: Mozilla/5.0\r\nAccept-Language: en-US\r\n\r\n"
"124ms": fuzzing: "GET /about HTTP/1.1\r\nAccept: text/html\r\nUser-Agent: Mozilla/5.0\r\nHost: localhost\r\nAccept-Language: en-US\r\n\r\n"
"125ms": fuzzing: "GET / HTTP/1.1\r\nUser-Agent: Mozilla/5.0\r\nHost: localhost\r\n\r\n"
"125ms": fuzzing: "GET / HTTP/1.1\r\n\r\n"
"125ms": fuzzing: "GET / HTTP/1.1\r\nAccept-Language: en-US\r\nAccept-Language: en-US\r\nAccept-Language: en-US\r\n\r\n"
"125ms": fuzzing: "GET / HTTP/1.1\r\nAccept: text/html\r\nHost: localhost\r\n\r\n"
"125ms": fuzzing: "GET / HTTP/1.1\r\n\r\n"
"125ms": fuzzing: "GET / HTTP/1.1\r\nUser-Agent: Mozilla/5.0\r\nConnection: close\r\nConnection: close\r\n\r\n"
"126ms": fuzzing: "GET / HTTP/1.1\r\nUser-Agent: Mozilla/5.0\r\nAccept-Language: en-US\r\nConnection: close\r\n\r\n"
"126ms": fuzzing: "GET /about HTTP/1.1\r\nConnection: close\r\nAccept: text/html\r\n\r\n"
"126ms": fuzzing: "GET /about HTTP/1.1\r\nHost: localhost\r\nAccept: text/html\r\n\r\n"
"126ms": fuzzing: "GET / HTTP/1.1\r\nConnection: close\r\nUser-Agent: Mozilla/5.0\r\n\r\n"
"126ms": fuzzing: "GET / HTTP/1.1\r\n\r\n"
"126ms": fuzzing: "GET /about HTTP/1.1\r\nAccept: text/html\r\nHost: localhost\r\nAccept: text/html\r\n\r\n"
"126ms": fuzzing: "GET / HTTP/1.1\r\nAccept-Language: en-US\r\n\r\n"
"127ms": fuzzing: "GET /about HTTP/1.1\r\nUser-Agent: Mozilla/5.0\r\nAccept-Language: en-US\r\nAccept-Language: en-US\r\nHost: localhost\r\n\r\n"
"127ms": fuzzing: "GET / HTTP/1.1\r\n\r\n"
"127ms": fuzzing: "GET / HTTP/1.1\r\nAccept: text/html\r\nConnection: close\r\nUser-Agent: Mozilla/5.0\r\n\r\n"
"127ms": fuzzing: "GET / HTTP/1.1\r\nConnection: close\r\nUser-Agent: Mozilla/5.0\r\nHost: localhost\r\nAccept-Language: en-US\r\n\r\n"
"127ms": fuzzing: "GET /about HTTP/1.1\r\nAccept: text/html\r\nHost: localhost\r\n\r\n"
"127ms": fuzzing: "GET /about HTTP/1.1\r\nAccept-Language: en-US\r\nConnection: close\r\n\r\n"
"128ms": fuzzing: "GET / HTTP/1.1\r\nAccept-Language: en-US\r\n\r\n"
"128ms": fuzzing: "GET /about HTTP/1.1\r\nUser-Agent: Mozilla/5.0\r\nAccept-Language: en-US\r\n\r\n"
"128ms": fuzzing: "GET /about HTTP/1.1\r\n\r\n"
"128ms": fuzzing: "GET /about HTTP/1.1\r\nAccept-Language: en-US\r\n\r\n"
"128ms": fuzzing: "GET /about HTTP/1.1\r\nHost: localhost\r\nAccept-Language: en-US\r\n\r\n"
"128ms": fuzzing: "GET /about HTTP/1.1\r\n\r\n"
"128ms": fuzzing: "GET / HTTP/1.1\r\n\r\n"
"129ms": fuzzing: "GET / HTTP/1.1\r\nConnection: close\r\nAccept: text/html\r\nAccept: text/html\r\nHost: localhost\r\n\r\n"
"129ms": fuzzing: "GET /about HTTP/1.1\r\n\r\n"
"129ms": fuzzing: "GET /about HTTP/1.1\r\nConnection: close\r\nAccept-Language: en-US\r\nConnection: close\r\n\r\n"
"129ms": fuzzing: "GET /about HTTP/1.1\r\nAccept-Language: en-US\r\nAccept-Language: en-US\r\nAccept: text/html\r\n\r\n"
"129ms": fuzzing: "GET /about HTTP/1.1\r\nHost: localhost\r\nHost: localhost\r\n\r\n"
"129ms": fuzzing: "GET / HTTP/1.1\r\nUser-Agent: Mozilla/5.0\r\nUser-Agent: Mozilla/5.0\r\nUser-Agent: Mozilla/5.0\r\nHost: localhost\r\n\r\n"
"129ms": fuzzing: "GET / HTTP/1.1\r\nUser-Agent: Mozilla/5.0\r\n\r\n"
"130ms": fuzzing: "GET /about HTTP/1.1\r\nAccept-Language: en-US\r\nHost: localhost\r\nConnection: close\r\n\r\n"
"130ms": fuzzing: "GET /about HTTP/1.1\r\n\r\n"
"130ms": fuzzing: "GET /about HTTP/1.1\r\nAccept-Language: en-US\r\n\r\n"
"130ms": fuzzing: "GET / HTTP/1.1\r\nAccept: text/html\r\nHost: localhost\r\nHost: localhost\r\n\r\n"
"130ms": fuzzing: "GET / HTTP/1.1\r\nAccept: text/html\r\nConnection: close\r\nHost: localhost\r\nUser-Agent: Mozilla/5.0\r\n\r\n"
"130ms": fuzzing: "GET /about HTTP/1.1\r\n\r\n"
"130ms": fuzzing: "GET / HTTP/1.1\r\nAccept: text/html\r\nHost: localhost\r\n\r\n"
"130ms": fuzzing: "GET / HTTP/1.1\r\n\r\n"
"131ms": fuzzing: "GET /about HTTP/1.1\r\n\r\n"
"131ms": fuzzing: "GET /about HTTP/1.1\r\nAccept: text/html\r\nAccept-Language: en-US\r\nHost: localhost\r\nHost: localhost\r\n\r\n"
"131ms": fuzzing: "GET /about HTTP/1.1\r\n\r\n"
"131ms": fuzzing: "GET / HTTP/1.1\r\nConnection: close\r\nUser-Agent: Mozilla/5.0\r\nHost: localhost\r\n\r\n"
"131ms": fuzzing: "GET /about HTTP/1.1\r\nUser-Agent: Mozilla/5.0\r\n\r\n"
"131ms": fuzzing: "GET /about HTTP/1.1\r\nHost: localhost\r\nConnection: close\r\nHost: localhost\r\nHost: localhost\r\n\r\n"
"132ms": fuzzing: "GET / HTTP/1.1\r\nUser-Agent: Mozilla/5.0\r\nAccept: text/html\r\nUser-Agent: Mozilla/5.0\r\nHost: localhost\r\n\r\n"
"132ms": fuzzing: "GET / HTTP/1.1\r\nConnection: close\r\nAccept-Language: en-US\r\nUser-Agent: Mozilla/5.0\r\n\r\n"
"132ms": fuzzing: "GET /about HTTP/1.1\r\nHost: localhost\r\n\r\n"
"132ms": fuzzing: "GET /about HTTP/1.1\r\nUser-Agent: Mozilla/5.0\r\n\r\n"
"132ms": fuzzing: "GET /about HTTP/1.1\r\nConnection: close\r\nHost: localhost\r\nUser-Agent: Mozilla/5.0\r\n\r\n"
"132ms": fuzzing: "GET / HTTP/1.1\r\nHost: localhost\r\nUser-Agent: Mozilla/5.0\r\nUser-Agent: Mozilla/5.0\r\n\r\n"
"133ms": fuzzing: "GET /about HTTP/1.1\r\nUser-Agent: Mozilla/5.0\r\n\r\n"
"133ms": fuzzing: "GET / HTTP/1.1\r\nUser-Agent: Mozilla/5.0\r\nConnection: close\r\nUser-Agent: Mozilla/5.0\r\n\r\n"
"133ms": fuzzing: "GET / HTTP/1.1\r\nAccept-Language: en-US\r\n\r\n"
"133ms": fuzzing: "GET / HTTP/1.1\r\nUser-Agent: Mozilla/5.0\r\n\r\n"
"133ms": fuzzing: "GET / HTTP/1.1\r\n\r\n"
"133ms": fuzzing: "GET / HTTP/1.1\r\nHost: localhost\r\nAccept: text/html\r\nHost: localhost\r\nAccept-Language: en-US\r\n\r\n"
"133ms": fuzzing: "GET /about HTTP/1.1\r\nConnection: close\r\nHost: localhost\r\n\r\n"
"134ms": fuzzing: "GET /about HTTP/1.1\r\nConnection: close\r\nAccept: text/html\r\nAccept-Language: en-US\r\nAccept: text/html\r\n\r\n"
"134ms": fuzzing: "GET / HTTP/1.1\r\nHost: localhost\r\n\r\n"
"134ms": fuzzing: "GET / HTTP/1.1\r\n\r\n"
"134ms": fuzzing: "GET /about HTTP/1.1\r\nAccept: text/html\r\nConnection: close\r\n\r\n"
"134ms": fuzzing: "GET / HTTP/1.1\r\nUser-Agent: Mozilla/5.0\r\nUser-Agent: Mozilla/5.0\r\nHost: localhost\r\n\r\n"
"134ms": fuzzing: "GET / HTTP/1.1\r\n\r\n"
"135ms": fuzzing: "GET / HTTP/1.1\r\nUser-Agent: Mozilla/5.0\r\nUser-Agent: Mozilla/5.0\r\nConnection: close\r\nHost: localhost\r\n\r\n"
"135ms": fuzzing: "GET / HTTP/1.1\r\nAccept: text/html\r\n\r\n"
"135ms": fuzzing: "GET /about HTTP/1.1\r\nAccept-Language: en-US\r\n\r\n"
"135ms": fuzzing: "GET /about HTTP/1.1\r\nUser-Agent: Mozilla/5.0\r\n\r\n"
"135ms": fuzzing: "GET /about HTTP/1.1\r\nAccept-Language: en-US\r\n\r\n"
"135ms": fuzzing: "GET / HTTP/1.1\r\n\r\n"
"135ms": fuzzing: "GET / HTTP/1.1\r\nHost: localhost\r\nConnection: close\r\nHost: localhost\r\nUser-Agent: Mozilla/5.0\r\n\r\n"
"136ms": fuzzing: "GET / HTTP/1.1\r\nConnection: close\r\nAccept: text/html\r\nAccept: text/html\r\nConnection: close\r\n\r\n"
"136ms": fuzzing: "GET /about HTTP/1.1\r\nAccept-Language: en-US\r\nAccept: text/html\r\n\r\n"
"136ms": fuzzing: "GET / HTTP/1.1\r\n\r\n"
"136ms": fuzzing: "GET /about HTTP/1.1\r\nHost: localhost\r\n\r\n"
"136ms": fuzzing: "GET /about HTTP/1.1\r\nAccept: text/html\r\nAccept: text/html\r\n\r\n"
"136ms": fuzzing: "GET /about HTTP/1.1\r\nUser-Agent: Mozilla/5.0\r\nConnection: close\r\nConnection: close\r\nHost: localhost\r\n\r\n"
"136ms": fuzzing: "GET /about HTTP/1.1\r\nAccept: text/html\r\nHost: localhost\r\n\r\n"
"137ms": fuzzing: "GET /about HTTP/1.1\r\nAccept: text/html\r\nUser-Agent: Mozilla/5.0\r\nUser-Agent: Mozilla/5.0\r\nConnection: close\r\n\r\n"
"137ms": fuzzing: "GET /about HTTP/1.1\r\nAccept-Language: en-US\r\nUser-Agent: Mozilla/5.0\r\n\r\n"
"137ms": fuzzing: "GET /about HTTP/1.1\r\nConnection: close\r\nHost: localhost\r\n\r\n"
"137ms": fuzzing: "GET /about HTTP/1.1\r\nAccept: text/html\r\n\r\n"
"137ms": fuzzing: "GET /about HTTP/1.1\r\n\r\n"
"137ms": fuzzing: "GET / HTTP/1.1\r\n\r\n"
"137ms": fuzzing: "GET / HTTP/1.1\r\nAccept-Language: en-US\r\n\r\n"
"138ms": fuzzing: "GET /about HTTP/1.1\r\nAccept-Language: en-US\r\nUser-Agent: Mozilla/5.0\r\nAccept: text/html\r\nHost: localhost\r\n\r\n"
"138ms": fuzzing: "GET / HTTP/1.1\r\nAccept-Language: en-US\r\nHost: localhost\r\nUser-Agent: Mozilla/5.0\r\n\r\n"
"138ms": fuzzing: "GET / HTTP/1.1\r\n\r\n"
"138ms": fuzzing: "GET /about HTTP/1.1\r\nAccept-Language: en-US\r\nUser-Agent: Mozilla/5.0\r\nConnection: close\r\n\r\n"
"138ms": fuzzing: "GET /about HTTP/1.1\r\n\r\n"
"138ms": fuzzing: "GET /about HTTP/1.1\r\nHost: localhost\r\nAccept-Language: en-US\r\n\r\n"
"138ms": fuzzing: "GET / HTTP/1.1\r\n\r\n"
"139ms": fuzzing: "GET / HTTP/1.1\r\nConnection: close\r\nConnection: close\r\nConnection: close\r\n\r\n"
"139ms": fuzzing: "GET /about HTTP/1.1\r\nAccept-Language: en-US\r\nAccept: text/html\r\n\r\n"
"139ms": fuzzing: "GET / HTTP/1.1\r\nUser-Agent: Mozilla/5.0\r\nAccept: text/html\r\nHost: localhost\r\n\r\n"
"139ms": fuzzing: "GET /about HTTP/1.1\r\n\r\n"
"139ms": fuzzing: "GET / HTTP/1.1\r\nHost: localhost\r\n\r\n"
"139ms": fuzzing: "GET /about HTTP/1.1\r\n\r\n"
"139ms": fuzzing: "GET / HTTP/1.1\r\nHost: localhost\r\nHost: localhost\r\nHost: localhost\r\nConnection: close\r\n\r\n"
"140ms": fuzzing: "GET / HTTP/1.1\r\nAccept-Language: en-US\r\nConnection: close\r\nConnection: close\r\nConnection: close\r\n\r\n"
"140ms": fuzzing: "GET /about HTTP/1.1\r\nUser-Agent: Mozilla/5.0\r\nHost: localhost\r\nAccept: text/html\r\nHost: localhost\r\n\r\n"
"140ms": fuzzing: "GET / HTTP/1.1\r\nUser-Agent: Mozilla/5.0\r\nHost: localhost\r\nAccept-Language: en-US\r\n\r\n"
"140ms": fuzzing: "GET / HTTP/1.1\r\nUser-Agent: Mozilla/5.0\r\n\r\n"
"140ms": fuzzing: "GET / HTTP/1.1\r\n\r\n"
"140ms": fuzzing: "GET /about HTTP/1.1\r\nAccept-Language: en-US\r\nAccept-Language: en-US\r\nAccept-Language: en-US\r\n\r\n"
"141ms": fuzzing: "GET / HTTP/1.1\r\nUser-Agent: Mozilla/5.0\r\nConnection: close\r\nAccept-Language: en-US\r\n\r\n"
"141ms": fuzzing: "GET / HTTP/1.1\r\nAccept: text/html\r\nHost: localhost\r\nHost: localhost\r\n\r\n"
"141ms": fuzzing: "GET /about HTTP/1.1\r\nConnection: close\r\n\r\n"
"141ms": fuzzing: "GET / HTTP/1.1\r\nAccept: text/html\r\nAccept-Language: en-US\r\nAccept-Language: en-US\r\n\r\n"
"141ms": fuzzing: "GET /about HTTP/1.1\r\n\r\n"
"141ms": fuzzing: "GET / HTTP/1.1\r\n\r\n"
"141ms": fuzzing: "GET / HTTP/1.1\r\nUser-Agent: Mozilla/5.0\r\n\r\n"
"142ms": fuzzing: "GET /about HTTP/1.1\r\nConnection: close\r\nHost: localhost\r\nUser-Agent: Mozilla/5.0\r\n\r\n"
"142ms": fuzzing: "GET / HTTP/1.1\r\nUser-Agent: Mozilla/5.0\r\nAccept: text/html\r\nUser-Agent: Mozilla/5.0\r\n\r\n"
"142ms": fuzzing: "GET /about HTTP/1.1\r\nAccept-Language: en-US\r\nAccept: text/html\r\n\r\n"
"142ms": fuzzing: "GET /about HTTP/1.1\r\n\r\n"
"142ms": fuzzing: "GET / HTTP/1.1\r\n\r\n"
"142ms": fuzzing: "GET / HTTP/1.1\r\nHost: localhost\r\n\r\n"
"143ms": fuzzing: "GET / HTTP/1.1\r\nUser-Agent: Mozilla/5.0\r\nAccept: text/html\r\n\r\n"
"143ms": fuzzing: "GET /about HTTP/1.1\r\n\r\n"
"143ms": fuzzing: "GET /about HTTP/1.1\r\nConnection: close\r\nHost: localhost\r\nUser-Agent: Mozilla/5.0\r\nUser-Agent: Mozilla/5.0\r\n\r\n"
"143ms": fuzzing: "GET /about HTTP/1.1\r\nUser-Agent: Mozilla/5.0\r\n\r\n"
"143ms": fuzzing: "GET / HTTP/1.1\r\nConnection: close\r\nUser-Agent: Mozilla/5.0\r\n\r\n"
"143ms": fuzzing: "GET /about HTTP/1.1\r\nHost: localhost\r\nAccept: text/html\r\nUser-Agent: Mozilla/5.0\r\n\r\n"
"143ms": fuzzing: "GET / HTTP/1.1\r\nConnection: close\r\nAccept: text/html\r\nAccept-Language: en-US\r\nConnection: close\r\n\r\n"
"144ms": fuzzing: "GET /about HTTP/1.1\r\n\r\n"
"144ms": fuzzing: "GET / HTTP/1.1\r\nHost: localhost\r\nHost: localhost\r\n\r\n"
"144ms": fuzzing: "GET / HTTP/1.1\r\nAccept-Language: en-US\r\n\r\n"
"144ms": fuzzing: "GET / HTTP/1.1\r\nHost: localhost\r\n\r\n"
"144ms": fuzzing: "GET /about HTTP/1.1\r\n\r\n"
"144ms": fuzzing: "GET / HTTP/1.1\r\nUser-Agent: Mozilla/5.0\r\n\r\n"
"144ms": fuzzing: "GET /about HTTP/1.1\r\n\r\n"
"144ms": fuzzing: "GET / HTTP/1.1\r\nHost: localhost\r\nUser-Agent: Mozilla/5.0\r\nAccept-Language: en-US\r\n\r\n"
"145ms": fuzzing: "GET /about HTTP/1.1\r\nAccept-Language: en-US\r\nAccept: text/html\r\n\r\n"
"145ms": fuzzing: "GET /about HTTP/1.1\r\nAccept: text/html\r\n\r\n"
"145ms": fuzzing: "GET /about HTTP/1.1\r\nAccept: text/html\r\nAccept: text/html\r\nAccept: text/html\r\nHost: localhost\r\n\r\n"
"145ms": fuzzing: "GET / HTTP/1.1\r\nHost: localhost\r\nAccept-Language: en-US\r\n\r\n"
"145ms": fuzzing: "GET /about HTTP/1.1\r\nConnection: close\r\nUser-Agent: Mozilla/5.0\r\nUser-Agent: Mozilla/5.0\r\nAccept: text/html\r\n\r\n"
"145ms": fuzzing: "GET / HTTP/1.1\r\nAccept: text/html\r\nUser-Agent: Mozilla/5.0\r\nUser-Agent: Mozilla/5.0\r\n\r\n"
"145ms": fuzzing: "GET / HTTP/1.1\r\n\r\n"
"146ms": fuzzing: "GET / HTTP/1.1\r\n\r\n"
"146ms": fuzzing: "GET / HTTP/1.1\r\nConnection: close\r\nHost: localhost\r\n\r\n"
"146ms": fuzzing: "GET /about HTTP/1.1\r\nHost: localhost\r\n\r\n"
"146ms": fuzzing: "GET / HTTP/1.1\r\nUser-Agent: Mozilla/5.0\r\nHost: localhost\r\nAccept-Language: en-US\r\nUser-Agent: Mozilla/5.0\r\n\r\n"
"146ms": fuzzing: "GET /about HTTP/1.1\r\nHost: localhost\r\nAccept: text/html\r\nAccept: text/html\r\n\r\n"
"146ms": fuzzing: "GET /about HTTP/1.1\r\n\r\n"
"147ms": fuzzing: "GET / HTTP/1.1\r\n\r\n"
"147ms": fuzzing: "GET /about HTTP/1.1\r\n\r\n"
"147ms": fuzzing: "GET / HTTP/1.1\r\nAccept: text/html\r\nAccept: text/html\r\nAccept: text/html\r\n\r\n"
"147ms": fuzzing: "GET / HTTP/1.1\r\nAccept-Language: en-US\r\nAccept-Language: en-US\r\nUser-Agent: Mozilla/5.0\r\n\r\n"
"147ms": fuzzing: "GET /about HTTP/1.1\r\nAccept-Language: en-US\r\nAccept: text/html\r\nAccept-Language: en-US\r\n\r\n"
"147ms": fuzzing: "GET / HTTP/1.1\r\nHost: localhost\r\n\r\n"
"147ms": fuzzing: "GET /about HTTP/1.1\r\nConnection: close\r\nHost: localhost\r\nAccept-Language: en-US\r\n\r\n"
"147ms": fuzzing: "GET /about HTTP/1.1\r\n\r\n"
"148ms": fuzzing: "GET / HTTP/1.1\r\nHost: localhost\r\nUser-Agent: Mozilla/5.0\r\nConnection: close\r\n\r\n"
"148ms": fuzzing: "GET /about HTTP/1.1\r\nAccept-Language: en-US\r\nAccept-Language: en-US\r\nAccept-Language: en-US\r\n\r\n"
"148ms": fuzzing: "GET / HTTP/1.1\r\nUser-Agent: Mozilla/5.0\r\nConnection: close\r\n\r\n"
"148ms": fuzzing: "GET /about HTTP/1.1\r\nAccept: text/html\r\n\r\n"
"148ms": fuzzing: "GET / HTTP/1.1\r\nHost: localhost\r\n\r\n"
"148ms": fuzzing: "GET /about HTTP/1.1\r\nAccept-Language: en-US\r\nAccept: text/html\r\n\r\n"
"148ms": fuzzing: "GET /about HTTP/1.1\r\nHost: localhost\r\nAccept: text/html\r\n\r\n"
"149ms": fuzzing: "GET / HTTP/1.1\r\nConnection: close\r\nAccept-Language: en-US\r\nAccept-Language: en-US\r\n\r\n"
"149ms": fuzzing: "GET /about HTTP/1.1\r\nAccept-Language: en-US\r\nUser-Agent: Mozilla/5.0\r\nAccept: text/html\r\nAccept: text/html\r\n\r\n"
"149ms": fuzzing: "GET /about HTTP/1.1\r\nConnection: close\r\n\r\n"
"149ms": fuzzing: "GET / HTTP/1.1\r\nAccept-Language: en-US\r\nAccept: text/html\r\nHost: localhost\r\n\r\n"
"149ms": fuzzing: "GET /about HTTP/1.1\r\nConnection: close\r\nAccept: text/html\r\nUser-Agent: Mozilla/5.0\r\n\r\n"
"149ms": fuzzing: "GET / HTTP/1.1\r\nAccept: text/html\r\nConnection: close\r\n\r\n"
"150ms": fuzzing: "GET / HTTP/1.1\r\nAccept: text/html\r\nConnection: close\r\nConnection: close\r\n\r\n"
"150ms": fuzzing: "GET / HTTP/1.1\r\nAccept: text/html\r\nConnection: close\r\nConnection: close\r\nAccept-Language: en-US\r\n\r\n"
"150ms": fuzzing: "GET /about HTTP/1.1\r\nConnection: close\r\nConnection: close\r\nConnection: close\r\n\r\n"
"150ms": fuzzing: "GET / HTTP/1.1\r\nHost: localhost\r\nAccept-Language: en-US\r\n\r\n"
"150ms": fuzzing: "GET / HTTP/1.1\r\nAccept: text/html\r\nAccept: text/html\r\nAccept-Language: en-US\r\nConnection: close\r\n\r\n"
"150ms": fuzzing: "GET /about HTTP/1.1\r\nConnection: close\r\n\r\n"
"151ms": fuzzing: "GET /about HTTP/1.1\r\nAccept-Language: en-US\r\nHost: localhost\r\nUser-Agent: Mozilla/5.0\r\nHost: localhost\r\n\r\n"
"151ms": fuzzing: "GET / HTTP/1.1\r\nHost: localhost\r\nUser-Agent: Mozilla/5.0\r\n\r\n"
"151ms": fuzzing: "GET / HTTP/1.1\r\n\r\n"
"151ms": fuzzing: "GET / HTTP/1.1\r\nAccept-Language: en-US\r\n\r\n"
"151ms": fuzzing: "GET /about HTTP/1.1\r\n\r\n"
"151ms": fuzzing: "GET /about HTTP/1.1\r\nHost: localhost\r\nAccept: text/html\r\nAccept-Language: en-US\r\n\r\n"
"151ms": fuzzing: "GET /about HTTP/1.1\r\nConnection: close\r\nUser-Agent: Mozilla/5.0\r\n\r\n"
"151ms": fuzzing: "GET /about HTTP/1.1\r\nUser-Agent: Mozilla/5.0\r\n\r\n"
"152ms": fuzzing: "GET /about HTTP/1.1\r\nConnection: close\r\nHost: localhost\r\nHost: localhost\r\n\r\n"
"152ms": fuzzing: "GET /about HTTP/1.1\r\nHost: localhost\r\nAccept: text/html\r\n\r\n"
"152ms": fuzzing: "GET / HTTP/1.1\r\nHost: localhost\r\nAccept: text/html\r\nAccept-Language: en-US\r\nHost: localhost\r\n\r\n"
"152ms": fuzzing: "GET / HTTP/1.1\r\nHost: localhost\r\nUser-Agent: Mozilla/5.0\r\n\r\n"
"152ms": fuzzing: "GET /about HTTP/1.1\r\nAccept: text/html\r\nUser-Agent: Mozilla/5.0\r\nAccept-Language: en-US\r\n\r\n"
"152ms": fuzzing: "GET / HTTP/1.1\r\nUser-Agent: Mozilla/5.0\r\n\r\n"
"153ms": fuzzing: "GET /about HTTP/1.1\r\nAccept: text/html\r\n\r\n"
"153ms": fuzzing: "GET / HTTP/1.1\r\nAccept: text/html\r\nAccept: text/html\r\n\r\n"
"153ms": fuzzing: "GET / HTTP/1.1\r\nHost: localhost\r\nConnection: close\r\nAccept-Language: en-US\r\nAccept-Language: en-US\r\n\r\n"
"153ms": fuzzing: "GET / HTTP/1.1\r\nConnection: close\r\nUser-Agent: Mozilla/5.0\r\nAccept-Language: en-US\r\nConnection: close\r\n\r\n"
"153ms": fuzzing: "GET /about HTTP/1.1\r\nAccept: text/html\r\nAccept-Language: en-US\r\n\r\n"
"153ms": fuzzing: "GET /about HTTP/1.1\r\nHost: localhost\r\nAccept-Language: en-US\r\nAccept: text/html\r\nHost: localhost\r\n\r\n"
"153ms": fuzzing: "GET /about HTTP/1.1\r\nUser-Agent: Mozilla/5.0\r\n\r\n"
"154ms": fuzzing: "GET / HTTP/1.1\r\nHost: localhost\r\nAccept: text/html\r\nHost: localhost\r\nUser-Agent: Mozilla/5.0\r\n\r\n"
"154ms": fuzzing: "GET /about HTTP/1.1\r\nAccept: text/html\r\nAccept: text/html\r\nUser-Agent: Mozilla/5.0\r\nAccept-Language: en-US\r\n\r\n"
"154ms": fuzzing: "GET /about HTTP/1.1\r\nAccept-Language: en-US\r\n\r\n"
"154ms": fuzzing: "GET /about HTTP/1.1\r\nConnection: close\r\nHost: localhost\r\nUser-Agent: Mozilla/5.0\r\n\r\n"
"154ms": fuzzing: "GET /about HTTP/1.1\r\nUser-Agent: Mozilla/5.0\r\nConnection: close\r\nAccept: text/html\r\n\r\n"
"154ms": fuzzing: "GET /about HTTP/1.1\r\nAccept-Language: en-US\r\nHost: localhost\r\nConnection: close\r\nConnection: close\r\n\r\n"
"154ms": fuzzing: "GET / HTTP/1.1\r\nAccept: text/html\r\nConnection: close\r\n\r\n"
"155ms": fuzzing: "GET /about HTTP/1.1\r\n\r\n"
"155ms": fuzzing: "GET /about HTTP/1.1\r\nConnection: close\r\n\r\n"
"155ms": fuzzing: "GET /about HTTP/1.1\r\nUser-Agent: Mozilla/5.0\r\n\r\n"
"155ms": fuzzing: "GET /about HTTP/1.1\r\nAccept-Language: en-US\r\n\r\n"
"155ms": fuzzing: "GET /about HTTP/1.1\r\n\r\n"
"155ms": fuzzing: "GET / HTTP/1.1\r\n\r\n"
"155ms": fuzzing: "GET /about HTTP/1.1\r\nConnection: close\r\nAccept-Language: en-US\r\n\r\n"
"156ms": fuzzing: "GET /about HTTP/1.1\r\n\r\n"
"156ms": fuzzing: "GET / HTTP/1.1\r\nHost: localhost\r\n\r\n"
"156ms": fuzzing: "GET / HTTP/1.1\r\nConnection: close\r\nUser-Agent: Mozilla/5.0\r\n\r\n"
"156ms": fuzzing: "GET / HTTP/1.1\r\nAccept-Language: en-US\r\nUser-Agent: Mozilla/5.0\r\nAccept: text/html\r\nAccept: text/html\r\n\r\n"
"156ms": fuzzing: "GET /about HTTP/1.1\r\nAccept: text/html\r\nUser-Agent: Mozilla/5.0\r\nConnection: close\r\nConnection: close\r\n\r\n"
"156ms": fuzzing: "GET /about HTTP/1.1\r\n\r\n"
"156ms": fuzzing: "GET /about HTTP/1.1\r\nUser-Agent: Mozilla/5.0\r\nAccept-Language: en-US\r\n\r\n"
"157ms": fuzzing: "GET /about HTTP/1.1\r\nHost: localhost\r\nAccept-Language: en-US\r\nConnection: close\r\n\r\n"
"157ms": fuzzing: "GET / HTTP/1.1\r\nAccept-Language: en-US\r\nUser-Agent: Mozilla/5.0\r\nHost: localhost\r\nAccept: text/html\r\n\r\n"
"157ms": fuzzing: "GET / HTTP/1.1\r\nConnection: close\r\n\r\n"
"157ms": fuzzing: "GET /about HTTP/1.1\r\nUser-Agent: Mozilla/5.0\r\n\r\n"
"157ms": fuzzing: "GET /about HTTP/1.1\r\nUser-Agent: Mozilla/5.0\r\nConnection: close\r\nConnection: close\r\nUser-Agent: Mozilla/5.0\r\n\r\n"
"157ms": fuzzing: "GET / HTTP/1.1\r\n\r\n"
"157ms": fuzzing: "GET /about HTTP/1.1\r\nAccept: text/html\r\nUser-Agent: Mozilla/5.0\r\nUser-Agent: Mozilla/5.0\r\n\r\n"
"158ms": fuzzing: "GET /about HTTP/1.1\r\nConnection: close\r\n\r\n"
"158ms": fuzzing: "GET / HTTP/1.1\r\nAccept-Language: en-US\r\nAccept-Language: en-US\r\nHost: localhost\r\nConnection: close\r\n\r\n"
"158ms": fuzzing: "GET / HTTP/1.1\r\nAccept: text/html\r\nUser-Agent: Mozilla/5.0\r\n\r\n"
"158ms": fuzzing: "GET / HTTP/1.1\r\nHost: localhost\r\nUser-Agent: Mozilla/5.0\r\n\r\n"
"158ms": fuzzing: "GET / HTTP/1.1\r\n\r\n"
"158ms": fuzzing: "GET /about HTTP/1.1\r\nAccept: text/html\r\nConnection: close\r\nUser-Agent: Mozilla/5.0\r\n\r\n"
"158ms": fuzzing: "GET /about HTTP/1.1\r\nUser-Agent: Mozilla/5.0\r\nAccept-Language: en-US\r\nUser-Agent: Mozilla/5.0\r\n\r\n"
"159ms": fuzzing: "GET /about HTTP/1.1\r\n\r\n"
"159ms": fuzzing: "GET / HTTP/1.1\r\nUser-Agent: Mozilla/5.0\r\nAccept-Language: en-US\r\n\r\n"
"159ms": fuzzing: "GET /about HTTP/1.1\r\n\r\n"
"159ms": fuzzing: "GET / HTTP/1.1\r\nUser-Agent: Mozilla/5.0\r\nAccept: text/html\r\nConnection: close\r\n\r\n"
"159ms": fuzzing: "GET / HTTP/1.1\r\nAccept-Language: en-US\r\nConnection: close\r\n\r\n"
"159ms": fuzzing: "GET / HTTP/1.1\r\nHost: localhost\r\nHost: localhost\r\nAccept-Language: en-US\r\nHost: localhost\r\n\r\n"
"160ms": fuzzing: "GET /about HTTP/1.1\r\nHost: localhost\r\nUser-Agent: Mozilla/5.0\r\nUser-Agent: Mozilla/5.0\r\nAccept: text/html\r\n\r\n"
"160ms": fuzzing: "GET / HTTP/1.1\r\nAccept-Language: en-US\r\nConnection: close\r\nUser-Agent: Mozilla/5.0\r\n\r\n"
"160ms": fuzzing: "GET / HTTP/1.1\r\nUser-Agent: Mozilla/5.0\r\nAccept: text/html\r\nHost: localhost\r\nAccept-Language: en-US\r\n\r\n"
"160ms": fuzzing: "GET /about HTTP/1.1\r\nAccept-Language: en-US\r\nAccept-Language: en-US\r\n\r\n"
"160ms": fuzzing: "GET /about HTTP/1.1\r\n\r\n"
"160ms": fuzzing: "GET / HTTP/1.1\r\nConnection: close\r\nHost: localhost\r\nAccept-Language: en-US\r\n\r\n"
"160ms": fuzzing: "GET / HTTP/1.1\r\nAccept: text/html\r\n\r\n"
"161ms": fuzzing: "GET / HTTP/1.1\r\nAccept-Language: en-US\r\n\r\n"
"161ms": fuzzing: "GET / HTTP/1.1\r\nUser-Agent: Mozilla/5.0\r\nAccept-Language: en-US\r\nAccept-Language: en-US\r\nConnection: close\r\n\r\n"
"161ms": fuzzing: "GET / HTTP/1.1\r\n\r\n"
"161ms": fuzzing: "GET /about HTTP/1.1\r\nUser-Agent: Mozilla/5.0\r\n\r\n"
"161ms": fuzzing: "GET / HTTP/1.1\r\nUser-Agent: Mozilla/5.0\r\nAccept-Language: en-US\r\nAccept-Language: en-US\r\n\r\n"
"161ms": fuzzing: "GET / HTTP/1.1\r\nHost: localhost\r\nAccept-Language: en-US\r\nAccept: text/html\r\nAccept: text/html\r\n\r\n"
"161ms": fuzzing: "GET /about HTTP/1.1\r\n\r\n"
"162ms": fuzzing: "GET /about HTTP/1.1\r\n\r\n"
"162ms": fuzzing: "GET / HTTP/1.1\r\nAccept-Language: en-US\r\nAccept-Language: en-US\r\nConnection: close\r\nUser-Agent: Mozilla/5.0\r\n\r\n"
"162ms": fuzzing: "GET / HTTP/1.1\r\n\r\n"
"162ms": fuzzing: "GET / HTTP/1.1\r\nAccept: text/html\r\n\r\n"
"162ms": fuzzing: "GET / HTTP/1.1\r\nHost: localhost\r\nUser-Agent: Mozilla/5.0\r\nAccept-Language: en-US\r\n\r\n"
"162ms": fuzzing: "GET /about HTTP/1.1\r\nAccept: text/html\r\nAccept: text/html\r\nAccept-Language: en-US\r\nHost: localhost\r\n\r\n"
"162ms": fuzzing: "GET /about HTTP/1.1\r\nUser-Agent: Mozilla/5.0\r\nUser-Agent: Mozilla/5.0\r\nHost: localhost\r\n\r\n"
"163ms": fuzzing: "GET / HTTP/1.1\r\nAccept-Language: en-US\r\nAccept-Language: en-US\r\n\r\n"
"163ms": fuzzing: "GET /about HTTP/1.1\r\nHost: localhost\r\nAccept: text/html\r\nConnection: close\r\n\r\n"
"163ms": fuzzing: "GET / HTTP/1.1\r\nConnection: close\r\nHost: localhost\r\n\r\n"
"163ms": fuzzing: "GET / HTTP/1.1\r\nUser-Agent: Mozilla/5.0\r\nConnection: close\r\nConnection: close\r\n\r\n"
"163ms": fuzzing: "GET / HTTP/1.1\r\nUser-Agent: Mozilla/5.0\r\nAccept: text/html\r\nAccept-Language: en-US\r\nUser-Agent: Mozilla/5.0\r\n\r\n"
"163ms": fuzzing: "GET /about HTTP/1.1\r\nUser-Agent: Mozilla/5.0\r\nAccept-Language: en-US\r\n\r\n"
"163ms": fuzzing: "GET / HTTP/1.1\r\n\r\n"
"164ms": fuzzing: "GET /about HTTP/1.1\r\nHost: localhost\r\nAccept-Language: en-US\r\nUser-Agent: Mozilla/5.0\r\nAccept: text/html\r\n\r\n"
"164ms": fuzzing: "GET /about HTTP/1.1\r\nHost: localhost\r\nAccept: text/html\r\nHost: localhost\r\n\r\n"
"164ms": fuzzing: "GET / HTTP/1.1\r\nConnection: close\r\nAccept: text/html\r\n\r\n"
"164ms": fuzzing: "GET /about HTTP/1.1\r\nAccept: text/html\r\nConnection: close\r\nConnection: close\r\nHost: localhost\r\n\r\n"
"164ms": fuzzing: "GET / HTTP/1.1\r\nHost: localhost\r\nAccept: text/html\r\nUser-Agent: Mozilla/5.0\r\nUser-Agent: Mozilla/5.0\r\n\r\n"
"164ms": fuzzing: "GET /about HTTP/1.1\r\nAccept-Language: en-US\r\nAccept: text/html\r\n\r\n"
"164ms": fuzzing: "GET / HTTP/1.1\r\n\r\n"
"165ms": fuzzing: "GET / HTTP/1.1\r\nAccept-Language: en-US\r\nUser-Agent: Mozilla/5.0\r\nAccept-Language: en-US\r\nConnection: close\r\n\r\n"
"165ms": fuzzing: "GET /about HTTP/1.1\r\nUser-Agent: Mozilla/5.0\r\nHost: localhost\r\n\r\n"
"165ms": fuzzing: "GET /about HTTP/1.1\r\n\r\n"
"165ms": fuzzing: "GET / HTTP/1.1\r\nConnection: close\r\nAccept: text/html\r\nUser-Agent: Mozilla/5.0\r\n\r\n"
"165ms": fuzzing: "GET / HTTP/1.1\r\n\r\n"
"165ms": fuzzing: "GET / HTTP/1.1\r\nAccept-Language: en-US\r\nAccept: text/html\r\n\r\n"
"166ms": fuzzing: "GET / HTTP/1.1\r\nUser-Agent: Mozilla/5.0\r\nAccept-Language: en-US\r\n\r\n"
"166ms": fuzzing: "GET / HTTP/1.1\r\nConnection: close\r\nAccept: text/html\r\n\r\n"
"166ms": fuzzing: "GET /about HTTP/1.1\r\nConnection: close\r\nAccept: text/html\r\nAccept: text/html\r\nAccept: text/html\r\n\r\n"
"166ms": fuzzing: "GET / HTTP/1.1\r\nConnection: close\r\nConnection: close\r\n\r\n"
"166ms": fuzzing: "GET /about HTTP/1.1\r\nUser-Agent: Mozilla/5.0\r\n\r\n"
"166ms": fuzzing: "GET / HTTP/1.1\r\nConnection: close\r\nHost: localhost\r\nConnection: close\r\n\r\n"
"166ms": fuzzing: "GET /about HTTP/1.1\r\nHost: localhost\r\nHost: localhost\r\n\r\n"
"166ms": fuzzing: "GET / HTTP/1.1\r\nAccept: text/html\r\nAccept-Language: en-US\r\n\r\n"
"167ms": fuzzing: "GET /about HTTP/1.1\r\n\r\n"
"167ms": fuzzing: "GET /about HTTP/1.1\r\nHost: localhost\r\n\r\n"
"167ms": fuzzing: "GET / HTTP/1.1\r\nAccept: text/html\r\nAccept: text/html\r\n\r\n"
"167ms": fuzzing: "GET / HTTP/1.1\r\n\r\n"
"167ms": fuzzing: "GET /about HTTP/1.1\r\nUser-Agent: Mozilla/5.0\r\nUser-Agent: Mozilla/5.0\r\n\r\n"
"167ms": fuzzing: "GET /about HTTP/1.1\r\n\r\n"
"167ms": fuzzing: "GET /about HTTP/1.1\r\nAccept-Language: en-US\r\nConnection: close\r\nAccept-Language: en-US\r\nHost: localhost\r\n\r\n"
"168ms": fuzzing: "GET / HTTP/1.1\r\nAccept: text/html\r\n\r\n"
"168ms": fuzzing: "GET / HTTP/1.1\r\nUser-Agent: Mozilla/5.0\r\nUser-Agent: Mozilla/5.0\r\nUser-Agent: Mozilla/5.0\r\n\r\n"
"168ms": fuzzing: "GET /about HTTP/1.1\r\nUser-Agent: Mozilla/5.0\r\n\r\n"
"168ms": fuzzing: "GET /about HTTP/1.1\r\n\r\n"
"168ms": fuzzing: "GET /about HTTP/1.1\r\nAccept-Language: en-US\r\nAccept-Language: en-US\r\nUser-Agent: Mozilla/5.0\r\n\r\n"
"168ms": fuzzing: "GET / HTTP/1.1\r\nConnection: close\r\nConnection: close\r\nAccept-Language: en-US\r\n\r\n"
"168ms": fuzzing: "GET /about HTTP/1.1\r\nConnection: close\r\nUser-Agent: Mozilla/5.0\r\nAccept: text/html\r\n\r\n"
"168ms": fuzzing: "GET /about HTTP/1.1\r\n\r\n"
"169ms": fuzzing: "GET / HTTP/1.1\r\nAccept: text/html\r\n\r\n"
"169ms": fuzzing: "GET / HTTP/1.1\r\nHost: localhost\r\nHost: localhost\r\nAccept-Language: en-US\r\n\r\n"
"169ms": fuzzing: "GET / HTTP/1.1\r\nHost: localhost\r\n\r\n"
"169ms": fuzzing: "GET /about HTTP/1.1\r\nAccept-Language: en-US\r\nHost: localhost\r\nUser-Agent: Mozilla/5.0\r\n\r\n"
"169ms": fuzzing: "GET / HTTP/1.1\r\n\r\n"
"169ms": fuzzing: "GET / HTTP/1.1\r\nConnection: close\r\nHost: localhost\r\nHost: localhost\r\nAccept: text/html\r\n\r\n"
"170ms": fuzzing: "GET / HTTP/1.1\r\nAccept-Language: en-US\r\nAccept: text/html\r\n\r\n"
"170ms": fuzzing: "GET /about HTTP/1.1\r\nAccept-Language: en-US\r\nConnection: close\r\nAccept-Language: en-US\r\nConnection: close\r\n\r\n"
"170ms": fuzzing: "GET / HTTP/1.1\r\nAccept-Language: en-US\r\nUser-Agent: Mozilla/5.0\r\nAccept: text/html\r\nHost: localhost\r\n\r\n"
"170ms": fuzzing: "GET /about HTTP/1.1\r\n\r\n"
"170ms": fuzzing: "GET /about HTTP/1.1\r\nUser-Agent: Mozilla/5.0\r\nAccept-Language: en-US\r\nHost: localhost\r\n\r\n"
"170ms": fuzzing: "GET /about HTTP/1.1\r\nAccept-Language: en-US\r\n\r\n"
"170ms": fuzzing: "GET /about HTTP/1.1\r\n\r\n"
"171ms": fuzzing: "GET /about HTTP/1.1\r\nAccept: text/html\r\nAccept-Language: en-US\r\nConnection: close\r\nAccept: text/html\r\n\r\n"
"171ms": fuzzing: "GET / HTTP/1.1\r\n\r\n"
"171ms": fuzzing: "GET /about HTTP/1.1\r\nAccept: text/html\r\n\r\n"
"171ms": fuzzing: "GET / HTTP/1.1\r\n\r\n"
"171ms": fuzzing: "GET /about HTTP/1.1\r\nHost: localhost\r\n\r\n"
"171ms": fuzzing: "GET /about HTTP/1.1\r\nAccept-Language: en-US\r\nAccept-Language: en-US\r\n\r\n"
"171ms": fuzzing: "GET /about HTTP/1.1\r\nUser-Agent: Mozilla/5.0\r\n\r\n"
